2020-10-09 13:57:46,733 [INFO] Activator:176 - 


2020-10-09 13:57:46,737 [INFO] Activator:177 - !SESSION log4j initialized
2020-10-09 13:58:34,966 [INFO] ApplicationProperties:181 - Using Application install path: C:\ST\STM32CubeIDE_1.3.0\STM32CubeIDE\plugins\com.st.stm32cube.common.mx_5.6.0.202002181639
2020-10-09 13:58:34,985 [INFO] DbMcusXml:72 - Set database path to: C:\ST\STM32CubeIDE_1.3.0\STM32CubeIDE\plugins\com.st.stm32cube.common.mx_5.6.0.202002181639\\db\/mcu/
2020-10-09 13:58:34,990 [INFO] DbBoardsPdsc:54 - Set plugin database path to: C:\ST\STM32CubeIDE_1.3.0\STM32CubeIDE\plugins\com.st.stm32cube.common.mx_5.6.0.202002181639\\db\/plugins/boardmanager/
2020-10-09 13:58:34,991 [INFO] DbMcus:235 - Set plugin images path to: C:\ST\STM32CubeIDE_1.3.0\STM32CubeIDE\plugins\com.st.stm32cube.common.mx_5.6.0.202002181639\\db\/plugins/mcufinder/images/
2020-10-09 13:58:34,991 [INFO] DbBoards:232 - Set plugin images path to: C:\ST\STM32CubeIDE_1.3.0\STM32CubeIDE\plugins\com.st.stm32cube.common.mx_5.6.0.202002181639\\db\/plugins/mcufinder/images/
2020-10-09 13:58:35,182 [WARN] ApiFinderProperties:106 - C:\Users\ITSIK\.stmcufinder\plugins\mcufinder\mcu\mcuFinder.mfd doesn't exist
2020-10-09 13:58:35,185 [INFO] DbMcusAds:85 - Set database path to: C:\Users\ITSIK\.stmcufinder\plugins\mcufinder//mcu/
2020-10-09 13:58:35,186 [INFO] DbMcusDocs:108 - Set database path to: C:\Users\ITSIK\.stmcufinder\plugins\mcufinder//mcu/
2020-10-09 13:58:35,188 [INFO] DbMcusJson:61 - Set database path to: C:\Users\ITSIK\.stmcufinder\plugins\mcufinder//mcu/
2020-10-09 13:58:35,189 [INFO] DbBoardsDocs:97 - Set database path to: C:\Users\ITSIK\.stmcufinder\plugins\mcufinder//mcu/
2020-10-09 13:58:35,190 [INFO] DbBoardsJson:51 - Set database path to: C:\Users\ITSIK\.stmcufinder\plugins\mcufinder//mcu/
2020-10-09 13:58:35,300 [INFO] CrossReferenceDbSqlite:197 - Set database path to: C:\Users\ITSIK\.stmcufinder\plugins\mcufinder//mcu/cs/
2020-10-09 13:58:35,436 [INFO] RulesReader:52 - Compatibility file has been processed (208 Rules)
2020-10-09 13:58:35,557 [INFO] MicroXplorer:570 - Detected Java Version = 1.8.0_242
2020-10-09 13:58:35,558 [INFO] DbMcusXml:72 - Set database path to: C:\ST\STM32CubeIDE_1.3.0\STM32CubeIDE\plugins\com.st.stm32cube.common.mx_5.6.0.202002181639\\db\/mcu/
2020-10-09 13:58:35,558 [INFO] DbBoardsPdsc:54 - Set plugin database path to: C:\ST\STM32CubeIDE_1.3.0\STM32CubeIDE\plugins\com.st.stm32cube.common.mx_5.6.0.202002181639\\db\/plugins/boardmanager/
2020-10-09 13:58:35,559 [INFO] DbMcus:235 - Set plugin images path to: C:\ST\STM32CubeIDE_1.3.0\STM32CubeIDE\plugins\com.st.stm32cube.common.mx_5.6.0.202002181639\\db\/plugins/mcufinder/images/
2020-10-09 13:58:35,559 [INFO] DbBoards:232 - Set plugin images path to: C:\ST\STM32CubeIDE_1.3.0\STM32CubeIDE\plugins\com.st.stm32cube.common.mx_5.6.0.202002181639\\db\/plugins/mcufinder/images/
2020-10-09 13:58:35,559 [WARN] DbFile:36 - Overriding database path with different value: C:\Users\ITSIK\.stmcufinder\plugins\mcufinder/ => C:\Users\ITSIK\.stmcufinder\plugins\mcufinder
2020-10-09 13:58:35,560 [INFO] DbMcusAds:85 - Set database path to: C:\Users\ITSIK\.stmcufinder\plugins\mcufinder//mcu/
2020-10-09 13:58:35,560 [WARN] DbFile:36 - Overriding database path with different value: C:\Users\ITSIK\.stmcufinder\plugins\mcufinder/ => C:\Users\ITSIK\.stmcufinder\plugins\mcufinder
2020-10-09 13:58:35,560 [INFO] DbMcusDocs:108 - Set database path to: C:\Users\ITSIK\.stmcufinder\plugins\mcufinder//mcu/
2020-10-09 13:58:35,560 [WARN] DbFile:36 - Overriding database path with different value: C:\Users\ITSIK\.stmcufinder\plugins\mcufinder/ => C:\Users\ITSIK\.stmcufinder\plugins\mcufinder
2020-10-09 13:58:35,560 [INFO] DbMcusJson:61 - Set database path to: C:\Users\ITSIK\.stmcufinder\plugins\mcufinder//mcu/
2020-10-09 13:58:35,561 [WARN] DbFile:36 - Overriding database path with different value: C:\Users\ITSIK\.stmcufinder\plugins\mcufinder/ => C:\Users\ITSIK\.stmcufinder\plugins\mcufinder
2020-10-09 13:58:35,561 [INFO] DbBoardsDocs:97 - Set database path to: C:\Users\ITSIK\.stmcufinder\plugins\mcufinder//mcu/
2020-10-09 13:58:35,561 [WARN] DbFile:36 - Overriding database path with different value: C:\Users\ITSIK\.stmcufinder\plugins\mcufinder/ => C:\Users\ITSIK\.stmcufinder\plugins\mcufinder
2020-10-09 13:58:35,562 [INFO] DbBoardsJson:51 - Set database path to: C:\Users\ITSIK\.stmcufinder\plugins\mcufinder//mcu/
2020-10-09 13:58:35,562 [WARN] DbFile:36 - Overriding database path with different value: C:\Users\ITSIK\.stmcufinder\plugins\mcufinder/ => C:\Users\ITSIK\.stmcufinder\plugins\mcufinder
2020-10-09 13:58:35,562 [WARN] DbFile:36 - Overriding database path with different value: C:\Users\ITSIK\.stmcufinder\plugins\mcufinder/ => C:\Users\ITSIK\.stmcufinder\plugins\mcufinder
2020-10-09 13:58:35,562 [INFO] CrossReferenceDbSqlite:197 - Set database path to: C:\Users\ITSIK\.stmcufinder\plugins\mcufinder//mcu/cs/
2020-10-09 13:58:35,654 [INFO] MainPanel:181 - HeapMemory: 322961408
2020-10-09 13:58:35,772 [INFO] DbMcusXml:72 - Set database path to: C:\ST\STM32CubeIDE_1.3.0\STM32CubeIDE\plugins\com.st.stm32cube.common.mx_5.6.0.202002181639\\db\/mcu/
2020-10-09 13:58:35,772 [INFO] DbBoardsPdsc:54 - Set plugin database path to: C:\ST\STM32CubeIDE_1.3.0\STM32CubeIDE\plugins\com.st.stm32cube.common.mx_5.6.0.202002181639\\db\/plugins/boardmanager/
2020-10-09 13:58:35,773 [INFO] DbMcus:235 - Set plugin images path to: C:\ST\STM32CubeIDE_1.3.0\STM32CubeIDE\plugins\com.st.stm32cube.common.mx_5.6.0.202002181639\\db\/plugins/mcufinder/images/
2020-10-09 13:58:35,773 [INFO] DbBoards:232 - Set plugin images path to: C:\ST\STM32CubeIDE_1.3.0\STM32CubeIDE\plugins\com.st.stm32cube.common.mx_5.6.0.202002181639\\db\/plugins/mcufinder/images/
2020-10-09 13:58:35,773 [WARN] DbFile:36 - Overriding database path with different value: C:\Users\ITSIK\.stmcufinder\plugins\mcufinder/ => C:\Users\ITSIK\.stmcufinder\plugins\mcufinder
2020-10-09 13:58:35,774 [INFO] DbMcusAds:85 - Set database path to: C:\Users\ITSIK\.stmcufinder\plugins\mcufinder//mcu/
2020-10-09 13:58:35,774 [WARN] DbFile:36 - Overriding database path with different value: C:\Users\ITSIK\.stmcufinder\plugins\mcufinder/ => C:\Users\ITSIK\.stmcufinder\plugins\mcufinder
2020-10-09 13:58:35,774 [INFO] DbMcusDocs:108 - Set database path to: C:\Users\ITSIK\.stmcufinder\plugins\mcufinder//mcu/
2020-10-09 13:58:35,774 [WARN] DbFile:36 - Overriding database path with different value: C:\Users\ITSIK\.stmcufinder\plugins\mcufinder/ => C:\Users\ITSIK\.stmcufinder\plugins\mcufinder
2020-10-09 13:58:35,774 [INFO] DbMcusJson:61 - Set database path to: C:\Users\ITSIK\.stmcufinder\plugins\mcufinder//mcu/
2020-10-09 13:58:35,774 [WARN] DbFile:36 - Overriding database path with different value: C:\Users\ITSIK\.stmcufinder\plugins\mcufinder/ => C:\Users\ITSIK\.stmcufinder\plugins\mcufinder
2020-10-09 13:58:35,775 [INFO] DbBoardsDocs:97 - Set database path to: C:\Users\ITSIK\.stmcufinder\plugins\mcufinder//mcu/
2020-10-09 13:58:35,775 [WARN] DbFile:36 - Overriding database path with different value: C:\Users\ITSIK\.stmcufinder\plugins\mcufinder/ => C:\Users\ITSIK\.stmcufinder\plugins\mcufinder
2020-10-09 13:58:35,775 [INFO] DbBoardsJson:51 - Set database path to: C:\Users\ITSIK\.stmcufinder\plugins\mcufinder//mcu/
2020-10-09 13:58:35,775 [WARN] DbFile:36 - Overriding database path with different value: C:\Users\ITSIK\.stmcufinder\plugins\mcufinder/ => C:\Users\ITSIK\.stmcufinder\plugins\mcufinder
2020-10-09 13:58:35,775 [WARN] DbFile:36 - Overriding database path with different value: C:\Users\ITSIK\.stmcufinder\plugins\mcufinder/ => C:\Users\ITSIK\.stmcufinder\plugins\mcufinder
2020-10-09 13:58:35,775 [INFO] CrossReferenceDbSqlite:197 - Set database path to: C:\Users\ITSIK\.stmcufinder\plugins\mcufinder//mcu/cs/
2020-10-09 13:58:35,803 [INFO] ApplicationProperties:181 - Using Application install path: C:\ST\STM32CubeIDE_1.3.0\STM32CubeIDE\plugins\com.st.stm32cube.common.mx_5.6.0.202002181639
2020-10-09 13:58:35,805 [INFO] PluginManage:178 - Search for loadable plugins [exclusion list=, tutovideos]
2020-10-09 13:58:35,807 [INFO] PluginManage:292 - Check plugin analytics
2020-10-09 13:58:35,817 [INFO] PluginManage:342 - Loaded plugin analytics (category:tool,tabindex:-1)
2020-10-09 13:58:35,817 [INFO] PluginManage:292 - Check plugin clock
2020-10-09 13:58:35,836 [INFO] PluginManage:342 - Loaded plugin clock (category:base,tabindex:2)
2020-10-09 13:58:35,836 [INFO] PluginManage:292 - Check plugin ddr
2020-10-09 13:58:35,840 [INFO] PluginManage:342 - Loaded plugin ddr (category:tool,tabindex:6)
2020-10-09 13:58:35,841 [INFO] PluginManage:292 - Check plugin filemanager
2020-10-09 13:58:35,991 [INFO] PluginManage:342 - Loaded plugin filemanager (category:base,tabindex:10)
2020-10-09 13:58:35,992 [INFO] PluginManage:292 - Check plugin ipmanager
2020-10-09 13:58:36,005 [INFO] PluginManage:342 - Loaded plugin ipmanager (category:base,tabindex:5)
2020-10-09 13:58:36,005 [INFO] PluginManage:292 - Check plugin pinoutandconfiguration
2020-10-09 13:58:36,020 [INFO] PluginManage:342 - Loaded plugin pinoutandconfiguration (category:base,tabindex:1)
2020-10-09 13:58:36,020 [INFO] PluginManage:292 - Check plugin pinoutconfig
2020-10-09 13:58:36,059 [INFO] PluginManage:342 - Loaded plugin pinoutconfig (category:base,tabindex:0)
2020-10-09 13:58:36,059 [INFO] PluginManage:292 - Check plugin power
2020-10-09 13:58:36,076 [INFO] PluginManage:342 - Loaded plugin power (category:power,tabindex:4)
2020-10-09 13:58:36,076 [INFO] PluginManage:292 - Check plugin projectmanager
2020-10-09 13:58:36,104 [INFO] PluginManage:342 - Loaded plugin projectmanager (category:projectmanager,tabindex:3)
2020-10-09 13:58:36,104 [INFO] PluginManage:292 - Check plugin thirdparty
2020-10-09 13:58:36,139 [INFO] ThirdPartyDb:295 - Open Third Party DataBase File (C:/Users/ITSIK/.stm32cubemx/plugins/thirdparty/db/thirdparties_db.xml) : 0 ms. number of Sw pack : 0
2020-10-09 13:58:36,156 [INFO] PluginManage:342 - Loaded plugin thirdparty (category:base,tabindex:-1)
2020-10-09 13:58:36,157 [INFO] PluginManage:292 - Check plugin tools
2020-10-09 13:58:36,160 [INFO] PluginManage:342 - Loaded plugin tools (category:base,tabindex:7)
2020-10-09 13:58:36,161 [INFO] PluginManage:292 - Check plugin tutovideos
2020-10-09 13:58:36,163 [INFO] PluginManage:347 - Ignore plugin tutovideos (category:base)
2020-10-09 13:58:36,163 [INFO] PluginManage:292 - Check plugin updater
2020-10-09 13:58:36,183 [INFO] PluginManage:342 - Loaded plugin updater (category:base,tabindex:12)
2020-10-09 13:58:36,184 [INFO] PluginManage:265 - PluginManage : Loaded plugins [12]
2020-10-09 13:58:36,447 [INFO] PinOutPanel:1420 - setPackage(No Configuration,No Configuration)
2020-10-09 13:58:36,576 [INFO] IPUIPlugin:65 - create IPUIPlugin
2020-10-09 13:58:36,576 [INFO] PluginManager:200 - loadIPPluginJar : add adc
2020-10-09 13:58:36,580 [INFO] IPUIPlugin:65 - create IPUIPlugin
2020-10-09 13:58:36,581 [INFO] PluginManager:200 - loadIPPluginJar : add aes
2020-10-09 13:58:36,586 [INFO] IPUIPlugin:65 - create IPUIPlugin
2020-10-09 13:58:36,586 [INFO] PluginManager:200 - loadIPPluginJar : add can
2020-10-09 13:58:36,589 [INFO] IPUIPlugin:65 - create IPUIPlugin
2020-10-09 13:58:36,590 [INFO] PluginManager:200 - loadIPPluginJar : add comp
2020-10-09 13:58:36,594 [INFO] IPUIPlugin:65 - create IPUIPlugin
2020-10-09 13:58:36,594 [INFO] PluginManager:200 - loadIPPluginJar : add cryp
2020-10-09 13:58:36,600 [INFO] IPUIPlugin:65 - create IPUIPlugin
2020-10-09 13:58:36,600 [INFO] PluginManager:200 - loadIPPluginJar : add dfsdm
2020-10-09 13:58:36,612 [INFO] IPUIPlugin:65 - create IPUIPlugin
2020-10-09 13:58:36,616 [INFO] PluginManager:200 - loadIPPluginJar : add dma
2020-10-09 13:58:36,618 [INFO] IPUIPlugin:65 - create IPUIPlugin
2020-10-09 13:58:36,619 [INFO] PluginManager:200 - loadIPPluginJar : add fatfs
2020-10-09 13:58:36,625 [INFO] IPUIPlugin:65 - create IPUIPlugin
2020-10-09 13:58:36,625 [INFO] PluginManager:200 - loadIPPluginJar : add fmc
2020-10-09 13:58:36,636 [INFO] IPUIPlugin:65 - create IPUIPlugin
2020-10-09 13:58:36,637 [INFO] PluginManager:200 - loadIPPluginJar : add freertos
2020-10-09 13:58:36,640 [INFO] IPUIPlugin:65 - create IPUIPlugin
2020-10-09 13:58:36,641 [INFO] PluginManager:200 - loadIPPluginJar : add genericplugin
2020-10-09 13:58:36,645 [INFO] IPUIPlugin:65 - create IPUIPlugin
2020-10-09 13:58:36,646 [INFO] PluginManager:200 - loadIPPluginJar : add gfxmmu
2020-10-09 13:58:36,654 [INFO] IPUIPlugin:65 - create IPUIPlugin
2020-10-09 13:58:36,655 [INFO] PluginManager:200 - loadIPPluginJar : add gic
2020-10-09 13:58:36,664 [INFO] IPUIPlugin:65 - create IPUIPlugin
2020-10-09 13:58:36,664 [INFO] PluginManager:200 - loadIPPluginJar : add gpio
2020-10-09 13:58:36,669 [INFO] IPUIPlugin:65 - create IPUIPlugin
2020-10-09 13:58:36,670 [INFO] PluginManager:200 - loadIPPluginJar : add gtzc
2020-10-09 13:58:36,674 [INFO] IPUIPlugin:65 - create IPUIPlugin
2020-10-09 13:58:36,674 [INFO] PluginManager:200 - loadIPPluginJar : add hash
2020-10-09 13:58:36,679 [INFO] IPUIPlugin:65 - create IPUIPlugin
2020-10-09 13:58:36,680 [INFO] PluginManager:200 - loadIPPluginJar : add i2c
2020-10-09 13:58:36,684 [INFO] IPUIPlugin:65 - create IPUIPlugin
2020-10-09 13:58:36,685 [INFO] PluginManager:200 - loadIPPluginJar : add i2s
2020-10-09 13:58:36,690 [INFO] IPUIPlugin:65 - create IPUIPlugin
2020-10-09 13:58:36,690 [INFO] PluginManager:200 - loadIPPluginJar : add ipddr
2020-10-09 13:58:36,693 [INFO] IPUIPlugin:65 - create IPUIPlugin
2020-10-09 13:58:36,693 [INFO] PluginManager:200 - loadIPPluginJar : add ltdc
2020-10-09 13:58:36,701 [INFO] IPUIPlugin:65 - create IPUIPlugin
2020-10-09 13:58:36,702 [INFO] PluginManager:200 - loadIPPluginJar : add mdma
2020-10-09 13:58:36,708 [INFO] IPUIPlugin:65 - create IPUIPlugin
2020-10-09 13:58:36,709 [INFO] PluginManager:200 - loadIPPluginJar : add nvic
2020-10-09 13:58:36,714 [INFO] IPUIPlugin:65 - create IPUIPlugin
2020-10-09 13:58:36,715 [INFO] PluginManager:200 - loadIPPluginJar : add opamp
2020-10-09 13:58:36,720 [INFO] IPUIPlugin:65 - create IPUIPlugin
2020-10-09 13:58:36,720 [INFO] PluginManager:200 - loadIPPluginJar : add pdm2pcm
2020-10-09 13:58:36,744 [INFO] IPUIPlugin:65 - create IPUIPlugin
2020-10-09 13:58:36,749 [INFO] PluginManager:200 - loadIPPluginJar : add plateformsettings
2020-10-09 13:58:36,753 [INFO] IPUIPlugin:65 - create IPUIPlugin
2020-10-09 13:58:36,753 [INFO] PluginManager:200 - loadIPPluginJar : add quadspi
2020-10-09 13:58:36,760 [INFO] IPUIPlugin:65 - create IPUIPlugin
2020-10-09 13:58:36,761 [INFO] PluginManager:200 - loadIPPluginJar : add resmgrutility
2020-10-09 13:58:36,768 [INFO] IPUIPlugin:65 - create IPUIPlugin
2020-10-09 13:58:36,768 [INFO] PluginManager:200 - loadIPPluginJar : add sai
2020-10-09 13:58:36,772 [INFO] IPUIPlugin:65 - create IPUIPlugin
2020-10-09 13:58:36,773 [INFO] PluginManager:200 - loadIPPluginJar : add spi
2020-10-09 13:58:36,780 [INFO] IPUIPlugin:65 - create IPUIPlugin
2020-10-09 13:58:36,781 [INFO] PluginManager:200 - loadIPPluginJar : add stm32_wpan
2020-10-09 13:58:36,785 [INFO] IPUIPlugin:65 - create IPUIPlugin
2020-10-09 13:58:36,785 [INFO] PluginManager:200 - loadIPPluginJar : add tim
2020-10-09 13:58:36,790 [INFO] IPUIPlugin:65 - create IPUIPlugin
2020-10-09 13:58:36,791 [INFO] PluginManager:200 - loadIPPluginJar : add touchsensing
2020-10-09 13:58:36,797 [INFO] IPUIPlugin:65 - create IPUIPlugin
2020-10-09 13:58:36,797 [INFO] PluginManager:200 - loadIPPluginJar : add tracer_emb
2020-10-09 13:58:36,801 [INFO] IPUIPlugin:65 - create IPUIPlugin
2020-10-09 13:58:36,802 [INFO] PluginManager:200 - loadIPPluginJar : add ts
2020-10-09 13:58:36,805 [INFO] IPUIPlugin:65 - create IPUIPlugin
2020-10-09 13:58:36,805 [INFO] PluginManager:200 - loadIPPluginJar : add tsc
2020-10-09 13:58:36,809 [INFO] IPUIPlugin:65 - create IPUIPlugin
2020-10-09 13:58:36,809 [INFO] PluginManager:200 - loadIPPluginJar : add ucpd
2020-10-09 13:58:36,813 [INFO] IPUIPlugin:65 - create IPUIPlugin
2020-10-09 13:58:36,814 [INFO] PluginManager:200 - loadIPPluginJar : add usart
2020-10-09 13:58:38,211 [INFO] BoardConnectionPanel:3472 - [DDR PANEL] STM32CubeIDE environment
2020-10-09 13:58:38,212 [INFO] MainDdrPanel:103 - [DDR PANEL] GETTER - cubeProgrammerPath is: null
2020-10-09 13:58:38,559 [FATAL] Updater:277 - Updater called before beeing initialized
2020-10-09 13:58:38,962 [FATAL] Updater:277 - Updater called before beeing initialized
2020-10-09 13:58:38,967 [INFO] PinOutPanel:1420 - setPackage(No Configuration,No Configuration)
2020-10-09 13:58:38,968 [FATAL] Updater:277 - Updater called before beeing initialized
2020-10-09 13:58:38,973 [INFO] BoardConnectionPanel:3472 - [DDR PANEL] STM32CubeIDE environment
2020-10-09 13:58:38,973 [INFO] MainDdrPanel:103 - [DDR PANEL] GETTER - cubeProgrammerPath is: C:\ST\STM32CubeIDE_1.3.0\STM32CubeIDE\plugins\com.st.stm32cube.ide.mcu.externaltools.cubeprogrammer.win32_1.3.0.202002181050\tools\bin
2020-10-09 13:58:39,004 [INFO] ProgrammerExecThread:148 - [ProgrammerAPI] CubeProgrammer command construction: C:\ST\STM32CubeIDE_1.3.0\STM32CubeIDE\plugins\com.st.stm32cube.ide.mcu.externaltools.cubeprogrammer.win32_1.3.0.202002181050\tools\bin\STM32_Programmer_CLI.exe -l
2020-10-09 13:58:39,154 [FATAL] Updater:277 - Updater called before beeing initialized
2020-10-09 13:58:39,154 [ERROR] IntegrityCheckThread:252 - Cannot obtain thirdParties list 21
2020-10-09 13:58:39,154 [ERROR] IntegrityCheckThread:100 - Unexpected exception IntegrityCheckThread Thread: Updater error
2020-10-09 13:58:39,155 [INFO] ThirdPartyDb:261 - Close Third Party DataBase File (C:/Users/ITSIK/.stm32cubemx/plugins/thirdparty/db/thirdparties_db.xml)
2020-10-09 13:58:39,809 [INFO] MainDdrPanel:93 - [DDR PANEL] SETTER - Set cubeProgrammerPath to: C:\ST\STM32CubeIDE_1.3.0\STM32CubeIDE\plugins\com.st.stm32cube.ide.mcu.externaltools.cubeprogrammer.win32_1.3.0.202002181050\tools\bin
2020-10-09 13:58:39,836 [INFO] Updater:886 - Updater Version found : 5.6.0
2020-10-09 13:58:39,867 [INFO] ApplicationProperties:181 - Using Application install path: C:\ST\STM32CubeIDE_1.3.0\STM32CubeIDE\plugins\com.st.stm32cube.common.mx_5.6.0.202002181639
2020-10-09 13:58:39,903 [INFO] MainUpdater:452 - Copy updater definitions from MX database
2020-10-09 13:58:39,929 [INFO] MainUpdater:485 - Copy flag file definitions from MX database
2020-10-09 13:58:39,933 [INFO] MainUpdater:501 - Copy thirdparty index definitions from MX database
2020-10-09 13:58:39,936 [INFO] MainUpdater:520 - Copy default thirdparty db definitions from MX database
2020-10-09 13:58:40,418 [INFO] MainUpdater:2230 - connection check result : 10
2020-10-09 13:58:40,419 [INFO] MainUpdater:2874 - Updater definition file requires update
2020-10-09 13:58:40,420 [INFO] MainUpdater:236 - Updater Check For Update Now.
2020-10-09 13:58:40,420 [INFO] MicroXplorer:420 - Change Database Version : DB.5.0.60
2020-10-09 13:58:41,192 [INFO] ServerAccessManage:348 - Download File updaters.zip
2020-10-09 13:58:41,659 [INFO] FileExtend:225 - Unzip File : updaters.zip
2020-10-09 13:58:41,659 [INFO] FileExtend:240 - Standard Zip Deflate
2020-10-09 13:58:42,913 [INFO] ServerAccessManage:348 - Download File PacksControlFlags.xml
2020-10-09 13:58:43,730 [INFO] ServerAccessManage:348 - Download File cubemx.pidx
2020-10-09 13:58:44,648 [INFO] ServerAccessManage:348 - Download File STMicroelectronics.X-CUBE-AI.pdsc
2020-10-09 13:58:45,635 [INFO] ServerAccessManage:348 - Download File STMicroelectronics.X-CUBE-BLE1.pdsc
2020-10-09 13:58:50,488 [INFO] MainUpdater:2230 - connection check result : 10
2020-10-09 13:58:50,489 [INFO] LogOutputStream:76 - [STDOUT_REDIRECT] Successfull proxy connection.
2020-10-09 13:58:50,773 [INFO] McuFinderGlobals:40 - Set McuFinder mode to 2 (CubeIDE integrated)
2020-10-09 13:58:50,787 [INFO] FinderPluginLoader:86 - Searching for filters in installed packs
2020-10-09 13:58:50,788 [INFO] DbMcusXml:110 - Load MCU database from C:\ST\STM32CubeIDE_1.3.0\STM32CubeIDE\plugins\com.st.stm32cube.common.mx_5.6.0.202002181639\\db\/mcu/families.xml
2020-10-09 13:58:51,676 [INFO] DbMcusJson:90 - JSON generation date=Tue Feb 11 17:02:54 IST 2020 (1581433374)
2020-10-09 13:58:52,509 [INFO] DbMcus:171 - Found 1670 MCUs (1625 are supported by CubeMX, 1625 are visible in CubeMX)
2020-10-09 13:58:52,510 [INFO] ApiDb:147 - User favorites file not found: C:\Users\ITSIK/.stm32cubeide/favorites.mcus.txt
2020-10-09 13:58:52,511 [INFO] DbMcus:183 - Set 0 / 0 favorites MCUs
2020-10-09 13:58:53,225 [ERROR] ServerAccessManage:947 - Problem, file not found on Server
2020-10-09 13:58:54,091 [INFO] ServerAccessManage:348 - Download File STMicroelectronics.X-CUBE-BLE2.pdsc
2020-10-09 13:58:54,755 [INFO] DbMcusAds:143 - JSON generation date=Wed Feb 20 18:46:15 IST 2019 (1550681175)
2020-10-09 13:58:54,756 [WARN] McuDetailPanel:184 - Failed to get advertising image, set to default
2020-10-09 13:58:55,609 [INFO] ServerAccessManage:348 - Download File STMicroelectronics.X-CUBE-GNSS1.pdsc
2020-10-09 13:58:55,657 [ERROR] DbUtils:100 - File not found: C:\Users\ITSIK\.stmcufinder\plugins\mcufinder//mcu/mcusAds.json._tmp_
2020-10-09 13:58:55,657 [ERROR] DbFile:108 - Temporary file not found: C:\Users\ITSIK\.stmcufinder\plugins\mcufinder\mcu\mcusAds.json._tmp_
2020-10-09 13:58:55,658 [ERROR] DbUtils:100 - File not found: C:\Users\ITSIK\.stmcufinder\plugins\mcufinder//mcu/mcusDocs.json._tmp_
2020-10-09 13:58:55,659 [WARN] DbUtils:203 - Warning! success is not a boolean!
2020-10-09 13:58:55,659 [ERROR] DbMcusDocs:79 - No MCUs documents found !
2020-10-09 13:58:55,659 [ERROR] DbFile:108 - Temporary file not found: C:\Users\ITSIK\.stmcufinder\plugins\mcufinder\mcu\mcusDocs.json._tmp_
2020-10-09 13:58:55,674 [INFO] DbMcusDocs:142 - JSON generation date=Tue Feb 11 17:02:54 IST 2020 (1581433374)
2020-10-09 13:58:55,862 [INFO] DbMcusDocs:77 - Found 571 MCUs documents
2020-10-09 13:58:55,863 [INFO] ApiDb:186 - Save user favorites file C:\Users\ITSIK/.stm32cubeide/favorites.mcus.txt: 0 item(s)
2020-10-09 13:58:55,864 [INFO] ApiDb:191 - User favorites MCUs=[]
2020-10-09 13:58:55,864 [INFO] DbMcusXml:110 - Load MCU database from C:\ST\STM32CubeIDE_1.3.0\STM32CubeIDE\plugins\com.st.stm32cube.common.mx_5.6.0.202002181639\\db\/mcu/families.xml
2020-10-09 13:58:56,257 [ERROR] DbUtils:100 - File not found: C:\Users\ITSIK\.stmcufinder\plugins\mcufinder//mcu/mcusFeaturesAndDescription.json._tmp_
2020-10-09 13:58:56,257 [WARN] DbUtils:203 - Warning! success is not a boolean!
2020-10-09 13:58:56,257 [ERROR] DbFile:108 - Temporary file not found: C:\Users\ITSIK\.stmcufinder\plugins\mcufinder\mcu\mcusFeaturesAndDescription.json._tmp_
2020-10-09 13:58:56,263 [INFO] DbMcus:171 - Found 1670 MCUs (1625 are supported by CubeMX, 1625 are visible in CubeMX)
2020-10-09 13:58:56,264 [INFO] ApiDb:158 - Load user favorites file C:\Users\ITSIK/.stm32cubeide/favorites.mcus.txt: 0 item(s)
2020-10-09 13:58:56,264 [INFO] ApiDb:163 - User favorites MCUs=[]
2020-10-09 13:58:56,264 [INFO] DbMcus:183 - Set 0 / 0 favorites MCUs
2020-10-09 13:58:56,341 [INFO] McuFilterPanel:249 - Update 0 favorites MCUs
2020-10-09 13:58:56,729 [ERROR] DbUtils:100 - File not found: C:\Users\ITSIK\.stmcufinder\plugins\mcufinder//mcu/boardsDocs.json._tmp_
2020-10-09 13:58:56,729 [WARN] DbUtils:203 - Warning! success is not a boolean!
2020-10-09 13:58:56,729 [ERROR] DbBoardsDocs:72 - No boards documents found !
2020-10-09 13:58:56,729 [ERROR] DbFile:108 - Temporary file not found: C:\Users\ITSIK\.stmcufinder\plugins\mcufinder\mcu\boardsDocs.json._tmp_
2020-10-09 13:58:56,760 [INFO] DbBoardsPdsc:92 - Found 22 items
2020-10-09 13:58:56,763 [INFO] DbBoardsPdsc:92 - Found 9 items
2020-10-09 13:58:56,768 [INFO] DbBoardsPdsc:92 - Found 28 items
2020-10-09 13:58:56,770 [INFO] DbBoardsPdsc:92 - Found 1 items
2020-10-09 13:58:56,777 [INFO] DbBoardsPdsc:92 - Found 40 items
2020-10-09 13:58:56,785 [INFO] DbBoardsPdsc:92 - Found 39 items
2020-10-09 13:58:56,787 [INFO] DbBoardsPdsc:92 - Found 2 items
2020-10-09 13:58:56,807 [INFO] DbBoardsPdsc:92 - Found 4 items
2020-10-09 13:58:56,816 [WARN] DbBoardsPdsc:256 - Board STM32H7B3I-DK: unknown feature type=Audio, name=, username=Audio stereo codec with Headphone Amp (CS42L51-CNZ), n=1
2020-10-09 13:58:56,816 [WARN] DbBoardsPdsc:256 - Board STM32H7B3I-DK: unknown feature type=WIFI, name=, username=WIFI 802.11 b/g/n, n=1
2020-10-09 13:58:56,818 [WARN] DbBoardsPdsc:256 - Board STM32H7B3I-EVAL: unknown feature type=Audio, name=, username=Multi-Channel Audio Codec (CS42L51-CNZ), n=1
2020-10-09 13:58:56,818 [WARN] DbBoardsPdsc:256 - Board STM32H7B3I-EVAL: unknown feature type=Meter, name=, username=Power-metering and Temperature-monitoring with sigma-delta modulators, n=1
2020-10-09 13:58:56,818 [WARN] DbBoardsPdsc:256 - Board STM32H7B3I-EVAL: unknown feature type=WIFI, name=, username=WIFI 802.11 a/b/g/n, n=1
2020-10-09 13:58:56,818 [WARN] DbBoardsPdsc:256 - Board STM32H7B3I-EVAL: unknown feature type=Motor, name=, username=Motor Control, n=1
2020-10-09 13:58:56,821 [ERROR] DbUtils:100 - File not found: C:\Users\ITSIK\.stmcufinder\plugins\mcufinder//mcu/boards.json._tmp_
2020-10-09 13:58:56,821 [WARN] DbUtils:203 - Warning! success is not a boolean!
2020-10-09 13:58:56,822 [ERROR] DbFile:108 - Temporary file not found: C:\Users\ITSIK\.stmcufinder\plugins\mcufinder\mcu\boards.json._tmp_
2020-10-09 13:58:56,826 [INFO] DbBoards:120 - Found 145 boards (142 are supported by CubeMX)
2020-10-09 13:58:56,882 [INFO] DbBoardsDocs:131 - JSON generation date=Tue Feb 11 17:02:54 IST 2020 (1581433374)
2020-10-09 13:58:56,895 [ERROR] DbBoardsDocs:72 - No boards documents found !
2020-10-09 13:58:56,902 [INFO] DbBoardsDocs:131 - JSON generation date=Tue Feb 11 17:02:54 IST 2020 (1581433374)
2020-10-09 13:58:56,905 [ERROR] DbBoardsDocs:72 - No boards documents found !
2020-10-09 13:58:56,906 [WARN] DbBoards:130 - board NUCLEO-F303ZE has no document id list !
2020-10-09 13:58:56,906 [WARN] DbBoards:130 - board NUCLEO-F207ZG has no document id list !
2020-10-09 13:58:56,906 [WARN] DbBoards:130 - board NUCLEO-F429ZI has no document id list !
2020-10-09 13:58:56,906 [WARN] DbBoards:130 - board NUCLEO-F439ZI has no document id list !
2020-10-09 13:58:56,907 [WARN] DbBoards:130 - board NUCLEO-F446ZE has no document id list !
2020-10-09 13:58:56,907 [WARN] DbBoards:130 - board NUCLEO-F746ZG has no document id list !
2020-10-09 13:58:56,907 [WARN] DbBoards:130 - board NUCLEO-F767ZI has no document id list !
2020-10-09 13:58:56,908 [WARN] DbBoards:130 - board NUCLEO-F412ZG has no document id list !
2020-10-09 13:58:56,908 [WARN] DbBoards:130 - board NUCLEO-F413ZH has no document id list !
2020-10-09 13:58:56,908 [WARN] DbBoards:130 - board NUCLEO-L496ZG has no document id list !
2020-10-09 13:58:56,908 [WARN] DbBoards:130 - board NUCLEO-L496ZG-P has no document id list !
2020-10-09 13:58:56,909 [WARN] DbBoards:130 - board NUCLEO-L4R5ZI has no document id list !
2020-10-09 13:58:56,909 [WARN] DbBoards:130 - board NUCLEO-L4R5ZI-P has no document id list !
2020-10-09 13:58:56,909 [WARN] DbBoards:130 - board NUCLEO-F722ZE has no document id list !
2020-10-09 13:58:56,909 [WARN] DbBoards:130 - board NUCLEO-H743ZI has no document id list !
2020-10-09 13:58:56,909 [WARN] DbBoards:130 - board NUCLEO-H743ZI2 has no document id list !
2020-10-09 13:58:56,909 [WARN] DbBoards:130 - board NUCLEO-H753ZI has no document id list !
2020-10-09 13:58:56,909 [WARN] DbBoards:130 - board NUCLEO-H745ZI-Q has no document id list !
2020-10-09 13:58:56,909 [WARN] DbBoards:130 - board NUCLEO-H755ZI-Q has no document id list !
2020-10-09 13:58:56,909 [WARN] DbBoards:130 - board NUCLEO-H7A3ZI-Q has no document id list !
2020-10-09 13:58:56,910 [WARN] DbBoards:130 - board NUCLEO-L552ZE-Q has no document id list !
2020-10-09 13:58:56,910 [WARN] DbBoards:130 - board NUCLEO-L4P5ZG has no document id list !
2020-10-09 13:58:56,910 [WARN] DbBoards:130 - board NUCLEO-F042K6 has no document id list !
2020-10-09 13:58:56,910 [WARN] DbBoards:130 - board NUCLEO-F031K6 has no document id list !
2020-10-09 13:58:56,910 [WARN] DbBoards:130 - board NUCLEO-F303K8 has no document id list !
2020-10-09 13:58:56,910 [WARN] DbBoards:130 - board NUCLEO-L031K6 has no document id list !
2020-10-09 13:58:56,911 [WARN] DbBoards:130 - board NUCLEO-L011K4 has no document id list !
2020-10-09 13:58:56,911 [WARN] DbBoards:130 - board NUCLEO-L432KC has no document id list !
2020-10-09 13:58:56,911 [WARN] DbBoards:130 - board NUCLEO-L412KB has no document id list !
2020-10-09 13:58:56,913 [WARN] DbBoards:130 - board NUCLEO-G431KB has no document id list !
2020-10-09 13:58:56,913 [WARN] DbBoards:130 - board NUCLEO-G031K8 has no document id list !
2020-10-09 13:58:56,913 [WARN] DbBoards:130 - board NUCLEO-F030R8 has no document id list !
2020-10-09 13:58:56,913 [WARN] DbBoards:130 - board NUCLEO-F070RB has no document id list !
2020-10-09 13:58:56,913 [WARN] DbBoards:130 - board NUCLEO-F072RB has no document id list !
2020-10-09 13:58:56,913 [WARN] DbBoards:130 - board NUCLEO-F091RC has no document id list !
2020-10-09 13:58:56,913 [WARN] DbBoards:130 - board NUCLEO-F103RB has no document id list !
2020-10-09 13:58:56,913 [WARN] DbBoards:130 - board NUCLEO-F302R8 has no document id list !
2020-10-09 13:58:56,914 [WARN] DbBoards:130 - board NUCLEO-F303RE has no document id list !
2020-10-09 13:58:56,914 [WARN] DbBoards:130 - board NUCLEO-F334R8 has no document id list !
2020-10-09 13:58:56,914 [WARN] DbBoards:130 - board NUCLEO-F401RE has no document id list !
2020-10-09 13:58:56,914 [WARN] DbBoards:130 - board NUCLEO-F411RE has no document id list !
2020-10-09 13:58:56,914 [WARN] DbBoards:130 - board NUCLEO-L053R8 has no document id list !
2020-10-09 13:58:56,914 [WARN] DbBoards:130 - board NUCLEO-L152RE has no document id list !
2020-10-09 13:58:56,914 [WARN] DbBoards:130 - board NUCLEO-F446RE has no document id list !
2020-10-09 13:58:56,914 [WARN] DbBoards:130 - board NUCLEO-L476RG has no document id list !
2020-10-09 13:58:56,914 [WARN] DbBoards:130 - board NUCLEO-F410RB has no document id list !
2020-10-09 13:58:56,914 [WARN] DbBoards:130 - board NUCLEO-L073RZ has no document id list !
2020-10-09 13:58:56,914 [WARN] DbBoards:130 - board NUCLEO-L010RB has no document id list !
2020-10-09 13:58:56,915 [WARN] DbBoards:130 - board NUCLEO-L452RE has no document id list !
2020-10-09 13:58:56,915 [WARN] DbBoards:130 - board NUCLEO-L452RE-P has no document id list !
2020-10-09 13:58:56,915 [WARN] DbBoards:130 - board NUCLEO-L433RC-P has no document id list !
2020-10-09 13:58:56,915 [WARN] DbBoards:130 - board NUCLEO-L412RB-P has no document id list !
2020-10-09 13:58:56,915 [WARN] DbBoards:130 - board NUCLEO-G071RB has no document id list !
2020-10-09 13:58:56,915 [WARN] DbBoards:130 - board NUCLEO-G070RB has no document id list !
2020-10-09 13:58:56,915 [WARN] DbBoards:130 - board P-NUCLEO-WB55-Nucleo has no document id list !
2020-10-09 13:58:56,915 [WARN] DbBoards:130 - board P-NUCLEO-WB55-USBDongle has no document id list !
2020-10-09 13:58:56,915 [WARN] DbBoards:130 - board NUCLEO-WB35CE has no document id list !
2020-10-09 13:58:56,915 [WARN] DbBoards:130 - board NUCLEO-G431RB has no document id list !
2020-10-09 13:58:56,915 [WARN] DbBoards:130 - board NUCLEO-G474RE has no document id list !
2020-10-09 13:58:56,916 [WARN] DbBoards:130 - board P-NUCLEO-WB55 has no document id list !
2020-10-09 13:58:56,916 [WARN] DbBoards:130 - board STM32F0DISCOVERY has no document id list !
2020-10-09 13:58:56,916 [WARN] DbBoards:130 - board STM32F0308-DISCO has no document id list !
2020-10-09 13:58:56,916 [WARN] DbBoards:130 - board STM32F072B-DISCO has no document id list !
2020-10-09 13:58:56,916 [WARN] DbBoards:130 - board STM32F3DISCOVERY has no document id list !
2020-10-09 13:58:56,916 [WARN] DbBoards:130 - board STM32F3348-DISCO has no document id list !
2020-10-09 13:58:56,916 [WARN] DbBoards:130 - board STM32F401C-DISCO has no document id list !
2020-10-09 13:58:56,916 [WARN] DbBoards:130 - board STM32F411E-DISCO has no document id list !
2020-10-09 13:58:56,916 [WARN] DbBoards:130 - board STM32F407G-DISC1 has no document id list !
2020-10-09 13:58:56,916 [WARN] DbBoards:130 - board STM32F429I-DISC1 has no document id list !
2020-10-09 13:58:56,916 [WARN] DbBoards:130 - board STM32F469I-DISCO has no document id list !
2020-10-09 13:58:56,917 [WARN] DbBoards:130 - board STM32F746G-DISCO has no document id list !
2020-10-09 13:58:56,917 [WARN] DbBoards:130 - board STM32F769I-DISCO has no document id list !
2020-10-09 13:58:56,917 [WARN] DbBoards:130 - board STM32F769I-DISC1 has no document id list !
2020-10-09 13:58:56,917 [WARN] DbBoards:130 - board STM32F723E-DISCO has no document id list !
2020-10-09 13:58:56,917 [WARN] DbBoards:130 - board B-G474E-DPOW1 has no document id list !
2020-10-09 13:58:56,917 [WARN] DbBoards:130 - board STM32F7308-DK has no document id list !
2020-10-09 13:58:56,917 [WARN] DbBoards:130 - board STM32F7508-DK has no document id list !
2020-10-09 13:58:56,917 [WARN] DbBoards:130 - board STM32L0538-DISCO has no document id list !
2020-10-09 13:58:56,917 [WARN] DbBoards:130 - board STM32L100C-DISCO has no document id list !
2020-10-09 13:58:56,917 [WARN] DbBoards:130 - board STM32L-DISCOVERY has no document id list !
2020-10-09 13:58:56,918 [WARN] DbBoards:130 - board STM32L152C-DISCO has no document id list !
2020-10-09 13:58:56,918 [WARN] DbBoards:130 - board STM32L476G-DISCO has no document id list !
2020-10-09 13:58:56,918 [WARN] DbBoards:130 - board STM32F412G-DISCO has no document id list !
2020-10-09 13:58:56,918 [WARN] DbBoards:130 - board STM32F413H-DISCO has no document id list !
2020-10-09 13:58:56,918 [WARN] DbBoards:130 - board STM32VLDISCOVERY has no document id list !
2020-10-09 13:58:56,918 [WARN] DbBoards:130 - board STM32L496G-DISCO has no document id list !
2020-10-09 13:58:56,918 [WARN] DbBoards:130 - board B-L475E-IOT01A1 has no document id list !
2020-10-09 13:58:56,918 [WARN] DbBoards:130 - board STM32G071B-DISCO has no document id list !
2020-10-09 13:58:56,918 [WARN] DbBoards:130 - board STM32G0316-DISCO has no document id list !
2020-10-09 13:58:56,918 [WARN] DbBoards:130 - board STM32H747I-DISCO has no document id list !
2020-10-09 13:58:56,918 [WARN] DbBoards:130 - board STM32H747I-DISC1 has no document id list !
2020-10-09 13:58:56,919 [WARN] DbBoards:130 - board STM32H745I-DISCO has no document id list !
2020-10-09 13:58:56,919 [WARN] DbBoards:130 - board STM32H750B-DK has no document id list !
2020-10-09 13:58:56,919 [WARN] DbBoards:130 - board STM32H7B3I-DK has no document id list !
2020-10-09 13:58:56,919 [WARN] DbBoards:130 - board STM32L4R9I-DISCO has no document id list !
2020-10-09 13:58:56,919 [WARN] DbBoards:130 - board B-L072Z-LRWAN1 has no document id list !
2020-10-09 13:58:56,919 [WARN] DbBoards:130 - board STM32MP157A-DK1 has no document id list !
2020-10-09 13:58:56,919 [WARN] DbBoards:130 - board STM32MP157C-DK2 has no document id list !
2020-10-09 13:58:56,919 [WARN] DbBoards:130 - board STM32L562E-DK has no document id list !
2020-10-09 13:58:56,919 [WARN] DbBoards:130 - board STM32L4P5G-DK has no document id list !
2020-10-09 13:58:56,919 [WARN] DbBoards:130 - board STM32072B-EVAL has no document id list !
2020-10-09 13:58:56,919 [WARN] DbBoards:130 - board STM32091C-EVAL has no document id list !
2020-10-09 13:58:56,920 [WARN] DbBoards:130 - board STM3210C-EVAL has no document id list !
2020-10-09 13:58:56,920 [WARN] DbBoards:130 - board STM3210E-EVAL has no document id list !
2020-10-09 13:58:56,920 [WARN] DbBoards:130 - board STM32100E-EVAL has no document id list !
2020-10-09 13:58:56,920 [WARN] DbBoards:130 - board STM3220G-EVAL has no document id list !
2020-10-09 13:58:56,920 [WARN] DbBoards:130 - board STM3221G-EVAL has no document id list !
2020-10-09 13:58:56,920 [WARN] DbBoards:130 - board STM32303C-EVAL has no document id list !
2020-10-09 13:58:56,920 [WARN] DbBoards:130 - board STM32303E-EVAL has no document id list !
2020-10-09 13:58:56,920 [WARN] DbBoards:130 - board STM32373C-EVAL has no document id list !
2020-10-09 13:58:56,920 [WARN] DbBoards:130 - board STM3240G-EVAL has no document id list !
2020-10-09 13:58:56,920 [WARN] DbBoards:130 - board STM3241G-EVAL has no document id list !
2020-10-09 13:58:56,920 [WARN] DbBoards:130 - board STM32429I-EVAL1 has no document id list !
2020-10-09 13:58:56,921 [WARN] DbBoards:130 - board STM32439I-EVAL2 has no document id list !
2020-10-09 13:58:56,921 [WARN] DbBoards:130 - board STM32L152D-EVAL has no document id list !
2020-10-09 13:58:56,921 [WARN] DbBoards:130 - board STM32446E-EVAL has no document id list !
2020-10-09 13:58:56,921 [WARN] DbBoards:130 - board STM32746G-EVAL2 has no document id list !
2020-10-09 13:58:56,921 [WARN] DbBoards:130 - board STM32756G-EVAL2 has no document id list !
2020-10-09 13:58:56,921 [WARN] DbBoards:130 - board STM32F769I-EVAL has no document id list !
2020-10-09 13:58:56,921 [WARN] DbBoards:130 - board STM32F779I-EVAL has no document id list !
2020-10-09 13:58:56,921 [WARN] DbBoards:130 - board STM32L476G-EVAL has no document id list !
2020-10-09 13:58:56,921 [WARN] DbBoards:130 - board STM32469I-EVAL has no document id list !
2020-10-09 13:58:56,921 [WARN] DbBoards:130 - board STM32479I-EVAL has no document id list !
2020-10-09 13:58:56,922 [WARN] DbBoards:130 - board STM32L073Z-EVAL has no document id list !
2020-10-09 13:58:56,922 [WARN] DbBoards:130 - board STM32H743I-EVAL has no document id list !
2020-10-09 13:58:56,922 [WARN] DbBoards:130 - board STM32H743I-EVAL2 has no document id list !
2020-10-09 13:58:56,922 [WARN] DbBoards:130 - board STM32H753I-EVAL has no document id list !
2020-10-09 13:58:56,922 [WARN] DbBoards:130 - board STM32H7B3I-EVAL has no document id list !
2020-10-09 13:58:56,922 [WARN] DbBoards:130 - board STM32G081B-EVAL has no document id list !
2020-10-09 13:58:56,922 [WARN] DbBoards:130 - board STM32H753I-EVAL2 has no document id list !
2020-10-09 13:58:56,922 [WARN] DbBoards:130 - board STM32H747I-EVAL has no document id list !
2020-10-09 13:58:56,922 [WARN] DbBoards:130 - board STM32H757I-EVAL has no document id list !
2020-10-09 13:58:56,922 [WARN] DbBoards:130 - board STM32L4R9I-EVAL has no document id list !
2020-10-09 13:58:56,922 [WARN] DbBoards:130 - board STM32MP157C-EV1 has no document id list !
2020-10-09 13:58:56,923 [WARN] DbBoards:130 - board STM32MP157A-EV1 has no document id list !
2020-10-09 13:58:56,923 [WARN] DbBoards:130 - board STM32G474E-EVAL has no document id list !
2020-10-09 13:58:56,923 [WARN] DbBoards:130 - board STM32G474E-EVAL1 has no document id list !
2020-10-09 13:58:56,923 [WARN] DbBoards:130 - board STM32G484E-EVAL has no document id list !
2020-10-09 13:58:56,923 [WARN] DbBoards:130 - board STM32L552E-EV has no document id list !
2020-10-09 13:58:56,923 [WARN] DbBoards:130 - board STEVAL-BFA001V1B has no document id list !
2020-10-09 13:58:56,923 [WARN] DbBoards:130 - board STEVAL-BFA001V2B has no document id list !
2020-10-09 13:58:56,923 [WARN] DbBoards:130 - board STEVAL-MKSBOX1V1 has no document id list !
2020-10-09 13:58:56,923 [WARN] DbBoards:130 - board STEVAL-STWINKT1 has no document id list !
2020-10-09 13:58:56,923 [WARN] DbBoards:130 - board STEVAL-IDP005V1 has no document id list !
2020-10-09 13:58:56,923 [WARN] DbBoards:130 - board STEVAL-IDP005V2 has no document id list !
2020-10-09 13:58:59,509 [INFO] ApiDb:147 - User favorites file not found: C:\Users\ITSIK/.stm32cubeide/favorites.boards.txt
2020-10-09 13:58:59,510 [INFO] DbBoards:209 - Set 0 / 0 favorites Boards
2020-10-09 13:58:59,510 [INFO] ApiDb:186 - Save user favorites file C:\Users\ITSIK/.stm32cubeide/favorites.boards.txt: 0 item(s)
2020-10-09 13:58:59,511 [INFO] ApiDb:191 - User favorites Boards=[]
2020-10-09 13:58:59,515 [INFO] DbBoardsPdsc:92 - Found 22 items
2020-10-09 13:58:59,517 [INFO] DbBoardsPdsc:92 - Found 9 items
2020-10-09 13:58:59,521 [INFO] DbBoardsPdsc:92 - Found 28 items
2020-10-09 13:58:59,522 [INFO] DbBoardsPdsc:92 - Found 1 items
2020-10-09 13:58:59,527 [INFO] DbBoardsPdsc:92 - Found 40 items
2020-10-09 13:58:59,535 [INFO] DbBoardsPdsc:92 - Found 39 items
2020-10-09 13:58:59,538 [INFO] DbBoardsPdsc:92 - Found 2 items
2020-10-09 13:58:59,540 [INFO] DbBoardsPdsc:92 - Found 4 items
2020-10-09 13:58:59,542 [WARN] DbBoardsPdsc:256 - Board STM32H7B3I-DK: unknown feature type=Audio, name=, username=Audio stereo codec with Headphone Amp (CS42L51-CNZ), n=1
2020-10-09 13:58:59,543 [WARN] DbBoardsPdsc:256 - Board STM32H7B3I-DK: unknown feature type=WIFI, name=, username=WIFI 802.11 b/g/n, n=1
2020-10-09 13:58:59,547 [WARN] DbBoardsPdsc:256 - Board STM32H7B3I-EVAL: unknown feature type=Audio, name=, username=Multi-Channel Audio Codec (CS42L51-CNZ), n=1
2020-10-09 13:58:59,547 [WARN] DbBoardsPdsc:256 - Board STM32H7B3I-EVAL: unknown feature type=Meter, name=, username=Power-metering and Temperature-monitoring with sigma-delta modulators, n=1
2020-10-09 13:58:59,547 [WARN] DbBoardsPdsc:256 - Board STM32H7B3I-EVAL: unknown feature type=WIFI, name=, username=WIFI 802.11 a/b/g/n, n=1
2020-10-09 13:58:59,547 [WARN] DbBoardsPdsc:256 - Board STM32H7B3I-EVAL: unknown feature type=Motor, name=, username=Motor Control, n=1
2020-10-09 13:58:59,571 [INFO] DbBoardsJson:80 - JSON generation date=Tue Feb 11 15:53:55 IST 2020 (1581429235)
2020-10-09 13:58:59,580 [INFO] DbBoards:120 - Found 145 boards (142 are supported by CubeMX)
2020-10-09 13:58:59,587 [INFO] DbBoardsDocs:131 - JSON generation date=Tue Feb 11 17:02:54 IST 2020 (1581433374)
2020-10-09 13:58:59,595 [INFO] DbBoardsDocs:70 - Found 173 boards documents
2020-10-09 13:58:59,596 [WARN] DbBoards:130 - board NUCLEO-H743ZI2 has no document id list !
2020-10-09 13:58:59,596 [WARN] DbBoards:130 - board NUCLEO-L4P5ZG has no document id list !
2020-10-09 13:58:59,597 [WARN] DbBoards:130 - board P-NUCLEO-WB55-Nucleo has no document id list !
2020-10-09 13:58:59,597 [WARN] DbBoards:130 - board P-NUCLEO-WB55-USBDongle has no document id list !
2020-10-09 13:58:59,597 [WARN] DbBoards:130 - board NUCLEO-WB35CE has no document id list !
2020-10-09 13:58:59,597 [WARN] DbBoards:130 - board STM32F401C-DISCO has no document id list !
2020-10-09 13:58:59,597 [WARN] DbBoards:130 - board STM32F769I-DISC1 has no document id list !
2020-10-09 13:58:59,598 [WARN] DbBoards:130 - board STM32L-DISCOVERY has no document id list !
2020-10-09 13:58:59,598 [WARN] DbBoards:130 - board STM32H747I-DISC1 has no document id list !
2020-10-09 13:58:59,598 [WARN] DbBoards:130 - board STM32MP157A-DK1 has no document id list !
2020-10-09 13:58:59,598 [WARN] DbBoards:130 - board STM32L4P5G-DK has no document id list !
2020-10-09 13:58:59,598 [WARN] DbBoards:130 - board STM32100E-EVAL has no document id list !
2020-10-09 13:58:59,598 [WARN] DbBoards:130 - board STM32303C-EVAL has no document id list !
2020-10-09 13:58:59,599 [WARN] DbBoards:130 - board STM32L152D-EVAL has no document id list !
2020-10-09 13:58:59,599 [WARN] DbBoards:130 - board STM32H743I-EVAL2 has no document id list !
2020-10-09 13:58:59,599 [WARN] DbBoards:130 - board STM32H753I-EVAL2 has no document id list !
2020-10-09 13:58:59,599 [WARN] DbBoards:130 - board STM32G474E-EVAL1 has no document id list !
2020-10-09 13:58:59,599 [WARN] DbBoards:130 - board STEVAL-BFA001V1B has no document id list !
2020-10-09 13:58:59,599 [WARN] DbBoards:130 - board STEVAL-BFA001V2B has no document id list !
2020-10-09 13:58:59,599 [WARN] DbBoards:130 - board STEVAL-MKSBOX1V1 has no document id list !
2020-10-09 13:58:59,599 [WARN] DbBoards:130 - board STEVAL-STWINKT1 has no document id list !
2020-10-09 13:58:59,599 [WARN] DbBoards:130 - board STEVAL-IDP005V1 has no document id list !
2020-10-09 13:58:59,600 [WARN] DbBoards:130 - board STEVAL-IDP005V2 has no document id list !
2020-10-09 13:59:00,672 [INFO] ApiDb:158 - Load user favorites file C:\Users\ITSIK/.stm32cubeide/favorites.boards.txt: 0 item(s)
2020-10-09 13:59:00,672 [INFO] ApiDb:163 - User favorites Boards=[]
2020-10-09 13:59:00,673 [INFO] DbBoards:209 - Set 0 / 0 favorites Boards
2020-10-09 13:59:00,883 [ERROR] MultiScanPanel:745 - Unable to refresh data
2020-10-09 13:59:00,883 [INFO] McuFilterPanel:249 - Update 0 favorites MCUs
2020-10-09 13:59:01,143 [WARN] BoardDetailPanel:183 - Failed to get advertising image, set to default
2020-10-09 13:59:01,171 [ERROR] DbUtils:100 - File not found: C:\Users\ITSIK\.stmcufinder\plugins\mcufinder//mcu/mcusAds.json._tmp_
2020-10-09 13:59:01,171 [ERROR] DbFile:108 - Temporary file not found: C:\Users\ITSIK\.stmcufinder\plugins\mcufinder\mcu\mcusAds.json._tmp_
2020-10-09 13:59:01,172 [ERROR] DbUtils:100 - File not found: C:\Users\ITSIK\.stmcufinder\plugins\mcufinder//mcu/mcusDocs.json._tmp_
2020-10-09 13:59:01,172 [WARN] DbUtils:203 - Warning! success is not a boolean!
2020-10-09 13:59:01,172 [ERROR] DbMcusDocs:79 - No MCUs documents found !
2020-10-09 13:59:01,172 [ERROR] DbFile:108 - Temporary file not found: C:\Users\ITSIK\.stmcufinder\plugins\mcufinder\mcu\mcusDocs.json._tmp_
2020-10-09 13:59:01,206 [INFO] DbMcusDocs:142 - JSON generation date=Tue Feb 11 17:02:54 IST 2020 (1581433374)
2020-10-09 13:59:01,207 [ERROR] DbMcusDocs:79 - No MCUs documents found !
2020-10-09 13:59:01,209 [INFO] ApiDb:186 - Save user favorites file C:\Users\ITSIK/.stm32cubeide/favorites.mcus.txt: 0 item(s)
2020-10-09 13:59:01,209 [INFO] ApiDb:191 - User favorites MCUs=[]
2020-10-09 13:59:01,209 [INFO] DbMcusXml:110 - Load MCU database from C:\ST\STM32CubeIDE_1.3.0\STM32CubeIDE\plugins\com.st.stm32cube.common.mx_5.6.0.202002181639\\db\/mcu/families.xml
2020-10-09 13:59:01,391 [ERROR] DbUtils:100 - File not found: C:\Users\ITSIK\.stmcufinder\plugins\mcufinder//mcu/mcusFeaturesAndDescription.json._tmp_
2020-10-09 13:59:01,391 [WARN] DbUtils:203 - Warning! success is not a boolean!
2020-10-09 13:59:01,391 [ERROR] DbFile:108 - Temporary file not found: C:\Users\ITSIK\.stmcufinder\plugins\mcufinder\mcu\mcusFeaturesAndDescription.json._tmp_
2020-10-09 13:59:01,394 [INFO] DbMcus:171 - Found 1670 MCUs (1625 are supported by CubeMX, 1625 are visible in CubeMX)
2020-10-09 13:59:01,395 [INFO] ApiDb:158 - Load user favorites file C:\Users\ITSIK/.stm32cubeide/favorites.mcus.txt: 0 item(s)
2020-10-09 13:59:01,395 [INFO] ApiDb:163 - User favorites MCUs=[]
2020-10-09 13:59:01,395 [INFO] DbMcus:183 - Set 0 / 0 favorites MCUs
2020-10-09 13:59:01,528 [INFO] McuFilterPanel:249 - Update 0 favorites MCUs
2020-10-09 13:59:01,875 [ERROR] DbUtils:100 - File not found: C:\Users\ITSIK\.stmcufinder\plugins\mcufinder//mcu/boardsDocs.json._tmp_
2020-10-09 13:59:01,875 [WARN] DbUtils:203 - Warning! success is not a boolean!
2020-10-09 13:59:01,875 [ERROR] DbBoardsDocs:72 - No boards documents found !
2020-10-09 13:59:01,875 [ERROR] DbFile:108 - Temporary file not found: C:\Users\ITSIK\.stmcufinder\plugins\mcufinder\mcu\boardsDocs.json._tmp_
2020-10-09 13:59:01,876 [INFO] ApiDb:186 - Save user favorites file C:\Users\ITSIK/.stm32cubeide/favorites.boards.txt: 0 item(s)
2020-10-09 13:59:01,876 [INFO] ApiDb:191 - User favorites Boards=[]
2020-10-09 13:59:01,880 [INFO] DbBoardsPdsc:92 - Found 22 items
2020-10-09 13:59:01,883 [INFO] DbBoardsPdsc:92 - Found 9 items
2020-10-09 13:59:01,886 [INFO] DbBoardsPdsc:92 - Found 28 items
2020-10-09 13:59:01,887 [INFO] DbBoardsPdsc:92 - Found 1 items
2020-10-09 13:59:01,892 [INFO] DbBoardsPdsc:92 - Found 40 items
2020-10-09 13:59:01,898 [INFO] DbBoardsPdsc:92 - Found 39 items
2020-10-09 13:59:01,901 [INFO] DbBoardsPdsc:92 - Found 2 items
2020-10-09 13:59:01,903 [INFO] DbBoardsPdsc:92 - Found 4 items
2020-10-09 13:59:01,905 [WARN] DbBoardsPdsc:256 - Board STM32H7B3I-DK: unknown feature type=Audio, name=, username=Audio stereo codec with Headphone Amp (CS42L51-CNZ), n=1
2020-10-09 13:59:01,906 [WARN] DbBoardsPdsc:256 - Board STM32H7B3I-DK: unknown feature type=WIFI, name=, username=WIFI 802.11 b/g/n, n=1
2020-10-09 13:59:01,932 [WARN] DbBoardsPdsc:256 - Board STM32H7B3I-EVAL: unknown feature type=Audio, name=, username=Multi-Channel Audio Codec (CS42L51-CNZ), n=1
2020-10-09 13:59:01,932 [WARN] DbBoardsPdsc:256 - Board STM32H7B3I-EVAL: unknown feature type=Meter, name=, username=Power-metering and Temperature-monitoring with sigma-delta modulators, n=1
2020-10-09 13:59:01,932 [WARN] DbBoardsPdsc:256 - Board STM32H7B3I-EVAL: unknown feature type=WIFI, name=, username=WIFI 802.11 a/b/g/n, n=1
2020-10-09 13:59:01,932 [WARN] DbBoardsPdsc:256 - Board STM32H7B3I-EVAL: unknown feature type=Motor, name=, username=Motor Control, n=1
2020-10-09 13:59:01,934 [ERROR] DbUtils:100 - File not found: C:\Users\ITSIK\.stmcufinder\plugins\mcufinder//mcu/boards.json._tmp_
2020-10-09 13:59:01,934 [WARN] DbUtils:203 - Warning! success is not a boolean!
2020-10-09 13:59:01,934 [ERROR] DbFile:108 - Temporary file not found: C:\Users\ITSIK\.stmcufinder\plugins\mcufinder\mcu\boards.json._tmp_
2020-10-09 13:59:01,934 [INFO] DbBoards:120 - Found 145 boards (142 are supported by CubeMX)
2020-10-09 13:59:01,940 [INFO] DbBoardsDocs:131 - JSON generation date=Tue Feb 11 17:02:54 IST 2020 (1581433374)
2020-10-09 13:59:01,943 [ERROR] DbBoardsDocs:72 - No boards documents found !
2020-10-09 13:59:01,976 [INFO] DbBoardsDocs:131 - JSON generation date=Tue Feb 11 17:02:54 IST 2020 (1581433374)
2020-10-09 13:59:01,981 [ERROR] DbBoardsDocs:72 - No boards documents found !
2020-10-09 13:59:01,981 [WARN] DbBoards:130 - board NUCLEO-F303ZE has no document id list !
2020-10-09 13:59:01,981 [WARN] DbBoards:130 - board NUCLEO-F207ZG has no document id list !
2020-10-09 13:59:01,981 [WARN] DbBoards:130 - board NUCLEO-F429ZI has no document id list !
2020-10-09 13:59:01,981 [WARN] DbBoards:130 - board NUCLEO-F439ZI has no document id list !
2020-10-09 13:59:01,981 [WARN] DbBoards:130 - board NUCLEO-F446ZE has no document id list !
2020-10-09 13:59:01,981 [WARN] DbBoards:130 - board NUCLEO-F746ZG has no document id list !
2020-10-09 13:59:01,981 [WARN] DbBoards:130 - board NUCLEO-F767ZI has no document id list !
2020-10-09 13:59:01,982 [WARN] DbBoards:130 - board NUCLEO-F412ZG has no document id list !
2020-10-09 13:59:01,982 [WARN] DbBoards:130 - board NUCLEO-F413ZH has no document id list !
2020-10-09 13:59:01,982 [WARN] DbBoards:130 - board NUCLEO-L496ZG has no document id list !
2020-10-09 13:59:01,982 [WARN] DbBoards:130 - board NUCLEO-L496ZG-P has no document id list !
2020-10-09 13:59:01,982 [WARN] DbBoards:130 - board NUCLEO-L4R5ZI has no document id list !
2020-10-09 13:59:01,982 [WARN] DbBoards:130 - board NUCLEO-L4R5ZI-P has no document id list !
2020-10-09 13:59:01,982 [WARN] DbBoards:130 - board NUCLEO-F722ZE has no document id list !
2020-10-09 13:59:01,982 [WARN] DbBoards:130 - board NUCLEO-H743ZI has no document id list !
2020-10-09 13:59:01,982 [WARN] DbBoards:130 - board NUCLEO-H743ZI2 has no document id list !
2020-10-09 13:59:01,982 [WARN] DbBoards:130 - board NUCLEO-H753ZI has no document id list !
2020-10-09 13:59:01,982 [WARN] DbBoards:130 - board NUCLEO-H745ZI-Q has no document id list !
2020-10-09 13:59:01,982 [WARN] DbBoards:130 - board NUCLEO-H755ZI-Q has no document id list !
2020-10-09 13:59:01,983 [WARN] DbBoards:130 - board NUCLEO-H7A3ZI-Q has no document id list !
2020-10-09 13:59:01,983 [WARN] DbBoards:130 - board NUCLEO-L552ZE-Q has no document id list !
2020-10-09 13:59:01,983 [WARN] DbBoards:130 - board NUCLEO-L4P5ZG has no document id list !
2020-10-09 13:59:01,983 [WARN] DbBoards:130 - board NUCLEO-F042K6 has no document id list !
2020-10-09 13:59:01,983 [WARN] DbBoards:130 - board NUCLEO-F031K6 has no document id list !
2020-10-09 13:59:01,983 [WARN] DbBoards:130 - board NUCLEO-F303K8 has no document id list !
2020-10-09 13:59:01,983 [WARN] DbBoards:130 - board NUCLEO-L031K6 has no document id list !
2020-10-09 13:59:01,983 [WARN] DbBoards:130 - board NUCLEO-L011K4 has no document id list !
2020-10-09 13:59:01,983 [WARN] DbBoards:130 - board NUCLEO-L432KC has no document id list !
2020-10-09 13:59:01,983 [WARN] DbBoards:130 - board NUCLEO-L412KB has no document id list !
2020-10-09 13:59:01,984 [WARN] DbBoards:130 - board NUCLEO-G431KB has no document id list !
2020-10-09 13:59:01,986 [WARN] DbBoards:130 - board NUCLEO-G031K8 has no document id list !
2020-10-09 13:59:01,986 [WARN] DbBoards:130 - board NUCLEO-F030R8 has no document id list !
2020-10-09 13:59:01,986 [WARN] DbBoards:130 - board NUCLEO-F070RB has no document id list !
2020-10-09 13:59:01,986 [WARN] DbBoards:130 - board NUCLEO-F072RB has no document id list !
2020-10-09 13:59:01,986 [WARN] DbBoards:130 - board NUCLEO-F091RC has no document id list !
2020-10-09 13:59:01,986 [WARN] DbBoards:130 - board NUCLEO-F103RB has no document id list !
2020-10-09 13:59:01,986 [WARN] DbBoards:130 - board NUCLEO-F302R8 has no document id list !
2020-10-09 13:59:01,986 [WARN] DbBoards:130 - board NUCLEO-F303RE has no document id list !
2020-10-09 13:59:01,986 [WARN] DbBoards:130 - board NUCLEO-F334R8 has no document id list !
2020-10-09 13:59:01,987 [WARN] DbBoards:130 - board NUCLEO-F401RE has no document id list !
2020-10-09 13:59:01,987 [WARN] DbBoards:130 - board NUCLEO-F411RE has no document id list !
2020-10-09 13:59:01,987 [WARN] DbBoards:130 - board NUCLEO-L053R8 has no document id list !
2020-10-09 13:59:01,987 [WARN] DbBoards:130 - board NUCLEO-L152RE has no document id list !
2020-10-09 13:59:01,987 [WARN] DbBoards:130 - board NUCLEO-F446RE has no document id list !
2020-10-09 13:59:01,987 [WARN] DbBoards:130 - board NUCLEO-L476RG has no document id list !
2020-10-09 13:59:01,987 [WARN] DbBoards:130 - board NUCLEO-F410RB has no document id list !
2020-10-09 13:59:01,987 [WARN] DbBoards:130 - board NUCLEO-L073RZ has no document id list !
2020-10-09 13:59:01,987 [WARN] DbBoards:130 - board NUCLEO-L010RB has no document id list !
2020-10-09 13:59:01,987 [WARN] DbBoards:130 - board NUCLEO-L452RE has no document id list !
2020-10-09 13:59:01,987 [WARN] DbBoards:130 - board NUCLEO-L452RE-P has no document id list !
2020-10-09 13:59:01,987 [WARN] DbBoards:130 - board NUCLEO-L433RC-P has no document id list !
2020-10-09 13:59:01,988 [WARN] DbBoards:130 - board NUCLEO-L412RB-P has no document id list !
2020-10-09 13:59:01,988 [WARN] DbBoards:130 - board NUCLEO-G071RB has no document id list !
2020-10-09 13:59:01,988 [WARN] DbBoards:130 - board NUCLEO-G070RB has no document id list !
2020-10-09 13:59:01,988 [WARN] DbBoards:130 - board P-NUCLEO-WB55-Nucleo has no document id list !
2020-10-09 13:59:01,988 [WARN] DbBoards:130 - board P-NUCLEO-WB55-USBDongle has no document id list !
2020-10-09 13:59:01,988 [WARN] DbBoards:130 - board NUCLEO-WB35CE has no document id list !
2020-10-09 13:59:01,988 [WARN] DbBoards:130 - board NUCLEO-G431RB has no document id list !
2020-10-09 13:59:01,988 [WARN] DbBoards:130 - board NUCLEO-G474RE has no document id list !
2020-10-09 13:59:01,988 [WARN] DbBoards:130 - board P-NUCLEO-WB55 has no document id list !
2020-10-09 13:59:01,988 [WARN] DbBoards:130 - board STM32F0DISCOVERY has no document id list !
2020-10-09 13:59:01,988 [WARN] DbBoards:130 - board STM32F0308-DISCO has no document id list !
2020-10-09 13:59:01,988 [WARN] DbBoards:130 - board STM32F072B-DISCO has no document id list !
2020-10-09 13:59:01,989 [WARN] DbBoards:130 - board STM32F3DISCOVERY has no document id list !
2020-10-09 13:59:01,989 [WARN] DbBoards:130 - board STM32F3348-DISCO has no document id list !
2020-10-09 13:59:01,989 [WARN] DbBoards:130 - board STM32F401C-DISCO has no document id list !
2020-10-09 13:59:01,989 [WARN] DbBoards:130 - board STM32F411E-DISCO has no document id list !
2020-10-09 13:59:01,989 [WARN] DbBoards:130 - board STM32F407G-DISC1 has no document id list !
2020-10-09 13:59:01,989 [WARN] DbBoards:130 - board STM32F429I-DISC1 has no document id list !
2020-10-09 13:59:01,989 [WARN] DbBoards:130 - board STM32F469I-DISCO has no document id list !
2020-10-09 13:59:01,989 [WARN] DbBoards:130 - board STM32F746G-DISCO has no document id list !
2020-10-09 13:59:01,989 [WARN] DbBoards:130 - board STM32F769I-DISCO has no document id list !
2020-10-09 13:59:01,989 [WARN] DbBoards:130 - board STM32F769I-DISC1 has no document id list !
2020-10-09 13:59:01,989 [WARN] DbBoards:130 - board STM32F723E-DISCO has no document id list !
2020-10-09 13:59:01,990 [WARN] DbBoards:130 - board B-G474E-DPOW1 has no document id list !
2020-10-09 13:59:01,990 [WARN] DbBoards:130 - board STM32F7308-DK has no document id list !
2020-10-09 13:59:01,990 [WARN] DbBoards:130 - board STM32F7508-DK has no document id list !
2020-10-09 13:59:01,990 [WARN] DbBoards:130 - board STM32L0538-DISCO has no document id list !
2020-10-09 13:59:01,990 [WARN] DbBoards:130 - board STM32L100C-DISCO has no document id list !
2020-10-09 13:59:01,990 [WARN] DbBoards:130 - board STM32L-DISCOVERY has no document id list !
2020-10-09 13:59:01,990 [WARN] DbBoards:130 - board STM32L152C-DISCO has no document id list !
2020-10-09 13:59:01,990 [WARN] DbBoards:130 - board STM32L476G-DISCO has no document id list !
2020-10-09 13:59:01,990 [WARN] DbBoards:130 - board STM32F412G-DISCO has no document id list !
2020-10-09 13:59:01,990 [WARN] DbBoards:130 - board STM32F413H-DISCO has no document id list !
2020-10-09 13:59:01,990 [WARN] DbBoards:130 - board STM32VLDISCOVERY has no document id list !
2020-10-09 13:59:01,990 [WARN] DbBoards:130 - board STM32L496G-DISCO has no document id list !
2020-10-09 13:59:01,991 [WARN] DbBoards:130 - board B-L475E-IOT01A1 has no document id list !
2020-10-09 13:59:01,991 [WARN] DbBoards:130 - board STM32G071B-DISCO has no document id list !
2020-10-09 13:59:01,991 [WARN] DbBoards:130 - board STM32G0316-DISCO has no document id list !
2020-10-09 13:59:01,991 [WARN] DbBoards:130 - board STM32H747I-DISCO has no document id list !
2020-10-09 13:59:01,991 [WARN] DbBoards:130 - board STM32H747I-DISC1 has no document id list !
2020-10-09 13:59:01,991 [WARN] DbBoards:130 - board STM32H745I-DISCO has no document id list !
2020-10-09 13:59:01,991 [WARN] DbBoards:130 - board STM32H750B-DK has no document id list !
2020-10-09 13:59:01,991 [WARN] DbBoards:130 - board STM32H7B3I-DK has no document id list !
2020-10-09 13:59:01,991 [WARN] DbBoards:130 - board STM32L4R9I-DISCO has no document id list !
2020-10-09 13:59:01,991 [WARN] DbBoards:130 - board B-L072Z-LRWAN1 has no document id list !
2020-10-09 13:59:01,991 [WARN] DbBoards:130 - board STM32MP157A-DK1 has no document id list !
2020-10-09 13:59:01,991 [WARN] DbBoards:130 - board STM32MP157C-DK2 has no document id list !
2020-10-09 13:59:01,991 [WARN] DbBoards:130 - board STM32L562E-DK has no document id list !
2020-10-09 13:59:01,992 [WARN] DbBoards:130 - board STM32L4P5G-DK has no document id list !
2020-10-09 13:59:01,992 [WARN] DbBoards:130 - board STM32072B-EVAL has no document id list !
2020-10-09 13:59:01,992 [WARN] DbBoards:130 - board STM32091C-EVAL has no document id list !
2020-10-09 13:59:01,992 [WARN] DbBoards:130 - board STM3210C-EVAL has no document id list !
2020-10-09 13:59:01,992 [WARN] DbBoards:130 - board STM3210E-EVAL has no document id list !
2020-10-09 13:59:01,992 [WARN] DbBoards:130 - board STM32100E-EVAL has no document id list !
2020-10-09 13:59:01,992 [WARN] DbBoards:130 - board STM3220G-EVAL has no document id list !
2020-10-09 13:59:01,992 [WARN] DbBoards:130 - board STM3221G-EVAL has no document id list !
2020-10-09 13:59:01,992 [WARN] DbBoards:130 - board STM32303C-EVAL has no document id list !
2020-10-09 13:59:01,992 [WARN] DbBoards:130 - board STM32303E-EVAL has no document id list !
2020-10-09 13:59:01,992 [WARN] DbBoards:130 - board STM32373C-EVAL has no document id list !
2020-10-09 13:59:01,992 [WARN] DbBoards:130 - board STM3240G-EVAL has no document id list !
2020-10-09 13:59:01,993 [WARN] DbBoards:130 - board STM3241G-EVAL has no document id list !
2020-10-09 13:59:01,993 [WARN] DbBoards:130 - board STM32429I-EVAL1 has no document id list !
2020-10-09 13:59:01,993 [WARN] DbBoards:130 - board STM32439I-EVAL2 has no document id list !
2020-10-09 13:59:01,993 [WARN] DbBoards:130 - board STM32L152D-EVAL has no document id list !
2020-10-09 13:59:01,993 [WARN] DbBoards:130 - board STM32446E-EVAL has no document id list !
2020-10-09 13:59:01,993 [WARN] DbBoards:130 - board STM32746G-EVAL2 has no document id list !
2020-10-09 13:59:01,993 [WARN] DbBoards:130 - board STM32756G-EVAL2 has no document id list !
2020-10-09 13:59:01,993 [WARN] DbBoards:130 - board STM32F769I-EVAL has no document id list !
2020-10-09 13:59:01,993 [WARN] DbBoards:130 - board STM32F779I-EVAL has no document id list !
2020-10-09 13:59:01,993 [WARN] DbBoards:130 - board STM32L476G-EVAL has no document id list !
2020-10-09 13:59:01,993 [WARN] DbBoards:130 - board STM32469I-EVAL has no document id list !
2020-10-09 13:59:01,994 [WARN] DbBoards:130 - board STM32479I-EVAL has no document id list !
2020-10-09 13:59:01,994 [WARN] DbBoards:130 - board STM32L073Z-EVAL has no document id list !
2020-10-09 13:59:01,994 [WARN] DbBoards:130 - board STM32H743I-EVAL has no document id list !
2020-10-09 13:59:01,994 [WARN] DbBoards:130 - board STM32H743I-EVAL2 has no document id list !
2020-10-09 13:59:01,994 [WARN] DbBoards:130 - board STM32H753I-EVAL has no document id list !
2020-10-09 13:59:01,994 [WARN] DbBoards:130 - board STM32H7B3I-EVAL has no document id list !
2020-10-09 13:59:01,994 [WARN] DbBoards:130 - board STM32G081B-EVAL has no document id list !
2020-10-09 13:59:01,994 [WARN] DbBoards:130 - board STM32H753I-EVAL2 has no document id list !
2020-10-09 13:59:01,994 [WARN] DbBoards:130 - board STM32H747I-EVAL has no document id list !
2020-10-09 13:59:01,995 [WARN] DbBoards:130 - board STM32H757I-EVAL has no document id list !
2020-10-09 13:59:01,995 [WARN] DbBoards:130 - board STM32L4R9I-EVAL has no document id list !
2020-10-09 13:59:01,995 [WARN] DbBoards:130 - board STM32MP157C-EV1 has no document id list !
2020-10-09 13:59:01,995 [WARN] DbBoards:130 - board STM32MP157A-EV1 has no document id list !
2020-10-09 13:59:01,995 [WARN] DbBoards:130 - board STM32G474E-EVAL has no document id list !
2020-10-09 13:59:01,995 [WARN] DbBoards:130 - board STM32G474E-EVAL1 has no document id list !
2020-10-09 13:59:01,995 [WARN] DbBoards:130 - board STM32G484E-EVAL has no document id list !
2020-10-09 13:59:01,995 [WARN] DbBoards:130 - board STM32L552E-EV has no document id list !
2020-10-09 13:59:01,995 [WARN] DbBoards:130 - board STEVAL-BFA001V1B has no document id list !
2020-10-09 13:59:01,996 [WARN] DbBoards:130 - board STEVAL-BFA001V2B has no document id list !
2020-10-09 13:59:01,996 [WARN] DbBoards:130 - board STEVAL-MKSBOX1V1 has no document id list !
2020-10-09 13:59:01,996 [WARN] DbBoards:130 - board STEVAL-STWINKT1 has no document id list !
2020-10-09 13:59:01,996 [WARN] DbBoards:130 - board STEVAL-IDP005V1 has no document id list !
2020-10-09 13:59:01,996 [WARN] DbBoards:130 - board STEVAL-IDP005V2 has no document id list !
2020-10-09 13:59:02,858 [INFO] ApiDb:158 - Load user favorites file C:\Users\ITSIK/.stm32cubeide/favorites.boards.txt: 0 item(s)
2020-10-09 13:59:02,858 [INFO] ApiDb:163 - User favorites Boards=[]
2020-10-09 13:59:02,858 [INFO] DbBoards:209 - Set 0 / 0 favorites Boards
2020-10-09 13:59:02,865 [INFO] BoardFilterPanel:211 - Update 0 favorites Boards
2020-10-09 13:59:02,974 [ERROR] ServerAccessManage:947 - Problem, file not found on Server
2020-10-09 13:59:03,089 [ERROR] MultiScanPanel:745 - Unable to refresh data
2020-10-09 13:59:03,089 [INFO] BoardFilterPanel:211 - Update 0 favorites Boards
2020-10-09 13:59:03,248 [INFO] CrossSelectorPresenter:1319 - Cross Selector saved comparison directory: C:\Users\ITSIK\.stmcufinder\plugins\mcufinder\mcu\cs_comparisons_mx
2020-10-09 13:59:04,220 [ERROR] ServerAccessManage:947 - Problem, file not found on Server
2020-10-09 13:59:05,442 [ERROR] ServerAccessManage:947 - Problem, file not found on Server
2020-10-09 13:59:06,427 [ERROR] ServerAccessManage:947 - Problem, file not found on Server
2020-10-09 13:59:07,415 [ERROR] ServerAccessManage:947 - Problem, file not found on Server
2020-10-09 13:59:08,020 [ERROR] ServerAccessManage:947 - Problem, file not found on Server
2020-10-09 13:59:08,799 [INFO] ServerAccessManage:348 - Download File STMicroelectronics.X-CUBE-MEMS1.pdsc
2020-10-09 13:59:16,755 [INFO] ServerAccessManage:348 - Download File STMicroelectronics.X-CUBE-NFC4.pdsc
2020-10-09 13:59:23,954 [INFO] ServerAccessManage:348 - Download File STMicroelectronics.X-CUBE-SUBG2.pdsc
2020-10-09 13:59:28,176 [INFO] ServerAccessManage:348 - Download File STMicroelectronics.X-CUBE-TOUCHGFX.pdsc
2020-10-09 13:59:30,904 [INFO] ServerAccessManage:348 - Download File STMicroelectronics.X-CUBE-ALGOBUILD.pdsc
2020-10-09 13:59:33,110 [INFO] LoadServerUpdatesThread:301 - End of LoadServerUpdate Thread
2020-10-09 13:59:33,127 [INFO] ThirdPartyDb:295 - Open Third Party DataBase File (C:/Users/ITSIK/.stm32cubemx/plugins/thirdparty/db/thirdparties_db.xml) : 0 ms. number of Sw pack : 0
2020-10-09 13:59:33,175 [INFO] ThirdPartyDb:261 - Close Third Party DataBase File (C:/Users/ITSIK/.stm32cubemx/plugins/thirdparty/db/thirdparties_db.xml)
2020-10-09 13:59:33,175 [INFO] CheckServerUpdateThread:92 - End of CheckServer Thread
2020-10-09 13:59:33,182 [INFO] ThirdPartyDb:295 - Open Third Party DataBase File (C:/Users/ITSIK/.stm32cubemx/plugins/thirdparty/db/thirdparties_db.xml) : 1 ms. number of Sw pack : 1
2020-10-09 13:59:33,188 [INFO] ThirdPartyDb:261 - Close Third Party DataBase File (C:/Users/ITSIK/.stm32cubemx/plugins/thirdparty/db/thirdparties_db.xml)
2020-10-09 13:59:33,196 [INFO] ThirdPartyDb:295 - Open Third Party DataBase File (C:/Users/ITSIK/.stm32cubemx/plugins/thirdparty/db/thirdparties_db.xml) : 1 ms. number of Sw pack : 2
2020-10-09 13:59:33,202 [INFO] ThirdPartyDb:261 - Close Third Party DataBase File (C:/Users/ITSIK/.stm32cubemx/plugins/thirdparty/db/thirdparties_db.xml)
2020-10-09 13:59:33,210 [INFO] ThirdPartyDb:295 - Open Third Party DataBase File (C:/Users/ITSIK/.stm32cubemx/plugins/thirdparty/db/thirdparties_db.xml) : 0 ms. number of Sw pack : 3
2020-10-09 13:59:33,218 [INFO] ThirdPartyDb:261 - Close Third Party DataBase File (C:/Users/ITSIK/.stm32cubemx/plugins/thirdparty/db/thirdparties_db.xml)
2020-10-09 13:59:33,237 [INFO] ThirdPartyDb:295 - Open Third Party DataBase File (C:/Users/ITSIK/.stm32cubemx/plugins/thirdparty/db/thirdparties_db.xml) : 1 ms. number of Sw pack : 4
2020-10-09 13:59:33,455 [INFO] ThirdPartyDb:261 - Close Third Party DataBase File (C:/Users/ITSIK/.stm32cubemx/plugins/thirdparty/db/thirdparties_db.xml)
2020-10-09 13:59:33,479 [INFO] ThirdPartyDb:295 - Open Third Party DataBase File (C:/Users/ITSIK/.stm32cubemx/plugins/thirdparty/db/thirdparties_db.xml) : 6 ms. number of Sw pack : 5
2020-10-09 13:59:33,487 [INFO] ThirdPartyDb:261 - Close Third Party DataBase File (C:/Users/ITSIK/.stm32cubemx/plugins/thirdparty/db/thirdparties_db.xml)
2020-10-09 13:59:33,507 [INFO] ThirdPartyDb:295 - Open Third Party DataBase File (C:/Users/ITSIK/.stm32cubemx/plugins/thirdparty/db/thirdparties_db.xml) : 4 ms. number of Sw pack : 6
2020-10-09 13:59:33,512 [INFO] ThirdPartyDb:261 - Close Third Party DataBase File (C:/Users/ITSIK/.stm32cubemx/plugins/thirdparty/db/thirdparties_db.xml)
2020-10-09 13:59:33,531 [INFO] ThirdPartyDb:295 - Open Third Party DataBase File (C:/Users/ITSIK/.stm32cubemx/plugins/thirdparty/db/thirdparties_db.xml) : 3 ms. number of Sw pack : 7
2020-10-09 13:59:33,535 [INFO] ThirdPartyDb:261 - Close Third Party DataBase File (C:/Users/ITSIK/.stm32cubemx/plugins/thirdparty/db/thirdparties_db.xml)
2020-10-09 13:59:33,554 [INFO] ThirdPartyDb:295 - Open Third Party DataBase File (C:/Users/ITSIK/.stm32cubemx/plugins/thirdparty/db/thirdparties_db.xml) : 4 ms. number of Sw pack : 8
2020-10-09 13:59:33,561 [INFO] ThirdPartyDb:261 - Close Third Party DataBase File (C:/Users/ITSIK/.stm32cubemx/plugins/thirdparty/db/thirdparties_db.xml)
2020-10-09 13:59:33,570 [INFO] PopulateThirdPartyThread:48 - Ending populate Thread
2020-10-09 13:59:33,581 [INFO] ThirdPartyDb:295 - Open Third Party DataBase File (C:/Users/ITSIK/.stm32cubemx/plugins/thirdparty/db/thirdparties_db.xml) : 5 ms. number of Sw pack : 9
2020-10-09 13:59:33,581 [INFO] Engine:366 - softwarePackList size : 9
2020-10-09 13:59:33,589 [INFO] Engine:378 - compute dependency for SwPack X-CUBE-AI have been done, and update is requested
2020-10-09 13:59:33,594 [INFO] Engine:378 - compute dependency for SwPack X-CUBE-BLE1 have been done, and update is requested
2020-10-09 13:59:33,600 [INFO] Engine:378 - compute dependency for SwPack X-CUBE-BLE2 have been done, and update is requested
2020-10-09 13:59:33,607 [INFO] Engine:378 - compute dependency for SwPack X-CUBE-GNSS1 have been done, and update is requested
2020-10-09 13:59:33,789 [INFO] Engine:378 - compute dependency for SwPack X-CUBE-MEMS1 have been done, and update is requested
2020-10-09 13:59:33,813 [INFO] Engine:378 - compute dependency for SwPack X-CUBE-NFC4 have been done, and update is requested
2020-10-09 13:59:33,817 [INFO] Engine:378 - compute dependency for SwPack X-CUBE-SUBG2 have been done, and update is requested
2020-10-09 13:59:33,821 [INFO] Engine:382 - compute dependency for SwPack X-CUBE-TOUCHGFX have been done, no update is requested
2020-10-09 13:59:33,822 [INFO] Engine:378 - compute dependency for SwPack X-CUBE-ALGOBUILD have been done, and update is requested
2020-10-09 13:59:33,826 [INFO] ThirdPartyDb:261 - Close Third Party DataBase File (C:/Users/ITSIK/.stm32cubemx/plugins/thirdparty/db/thirdparties_db.xml)
2020-10-09 13:59:33,846 [INFO] ThirdPartyDb:295 - Open Third Party DataBase File (C:/Users/ITSIK/.stm32cubemx/plugins/thirdparty/db/thirdparties_db.xml) : 4 ms. number of Sw pack : 9
2020-10-09 13:59:33,855 [INFO] ThirdParty:899 - CMSIS Pack Vendor :STMicroelectronics X-CUBE-AI 5.2.0
2020-10-09 13:59:33,857 [INFO] ThirdParty:899 - CMSIS Pack Vendor :STMicroelectronics X-CUBE-BLE1 6.0.0
2020-10-09 13:59:33,857 [INFO] ThirdParty:899 - CMSIS Pack Vendor :STMicroelectronics X-CUBE-AI 5.2.0
2020-10-09 13:59:33,858 [INFO] ThirdParty:899 - CMSIS Pack Vendor :STMicroelectronics X-CUBE-BLE1 6.0.0
2020-10-09 13:59:33,858 [INFO] ThirdParty:899 - CMSIS Pack Vendor :STMicroelectronics X-CUBE-AI 5.2.0
2020-10-09 13:59:33,859 [INFO] ThirdParty:899 - CMSIS Pack Vendor :STMicroelectronics X-CUBE-BLE2 3.0.0
2020-10-09 13:59:33,877 [INFO] ThirdParty:899 - CMSIS Pack Vendor :STMicroelectronics X-CUBE-GNSS1 5.0.0
2020-10-09 13:59:33,877 [INFO] ThirdParty:899 - CMSIS Pack Vendor :STMicroelectronics X-CUBE-BLE1 6.0.0
2020-10-09 13:59:33,877 [INFO] ThirdParty:899 - CMSIS Pack Vendor :STMicroelectronics X-CUBE-AI 5.2.0
2020-10-09 13:59:33,877 [INFO] ThirdParty:899 - CMSIS Pack Vendor :STMicroelectronics X-CUBE-BLE2 3.0.0
2020-10-09 13:59:33,967 [INFO] ThirdParty:899 - CMSIS Pack Vendor :STMicroelectronics X-CUBE-GNSS1 5.0.0
2020-10-09 13:59:33,967 [INFO] ThirdParty:899 - CMSIS Pack Vendor :STMicroelectronics X-CUBE-BLE1 6.0.0
2020-10-09 13:59:33,967 [INFO] ThirdParty:899 - CMSIS Pack Vendor :STMicroelectronics X-CUBE-MEMS1 8.1.1
2020-10-09 13:59:33,967 [INFO] ThirdParty:899 - CMSIS Pack Vendor :STMicroelectronics X-CUBE-AI 5.2.0
2020-10-09 13:59:33,967 [INFO] ThirdParty:899 - CMSIS Pack Vendor :STMicroelectronics X-CUBE-BLE2 3.0.0
2020-10-09 13:59:33,977 [INFO] ThirdParty:899 - CMSIS Pack Vendor :STMicroelectronics X-CUBE-GNSS1 5.0.0
2020-10-09 13:59:33,977 [INFO] ThirdParty:899 - CMSIS Pack Vendor :STMicroelectronics X-CUBE-BLE1 6.0.0
2020-10-09 13:59:33,977 [INFO] ThirdParty:899 - CMSIS Pack Vendor :STMicroelectronics X-CUBE-MEMS1 8.1.1
2020-10-09 13:59:33,977 [INFO] ThirdParty:899 - CMSIS Pack Vendor :STMicroelectronics X-CUBE-AI 5.2.0
2020-10-09 13:59:33,977 [INFO] ThirdParty:899 - CMSIS Pack Vendor :STMicroelectronics X-CUBE-BLE2 3.0.0
2020-10-09 13:59:33,977 [INFO] ThirdParty:899 - CMSIS Pack Vendor :STMicroelectronics X-CUBE-NFC4 2.0.0
2020-10-09 13:59:33,988 [INFO] ThirdParty:899 - CMSIS Pack Vendor :STMicroelectronics X-CUBE-GNSS1 5.0.0
2020-10-09 13:59:33,988 [INFO] ThirdParty:899 - CMSIS Pack Vendor :STMicroelectronics X-CUBE-SUBG2 2.0.0
2020-10-09 13:59:33,988 [INFO] ThirdParty:899 - CMSIS Pack Vendor :STMicroelectronics X-CUBE-BLE1 6.0.0
2020-10-09 13:59:33,988 [INFO] ThirdParty:899 - CMSIS Pack Vendor :STMicroelectronics X-CUBE-MEMS1 8.1.1
2020-10-09 13:59:33,988 [INFO] ThirdParty:899 - CMSIS Pack Vendor :STMicroelectronics X-CUBE-AI 5.2.0
2020-10-09 13:59:33,989 [INFO] ThirdParty:899 - CMSIS Pack Vendor :STMicroelectronics X-CUBE-BLE2 3.0.0
2020-10-09 13:59:33,989 [INFO] ThirdParty:899 - CMSIS Pack Vendor :STMicroelectronics X-CUBE-NFC4 2.0.0
2020-10-09 13:59:34,021 [INFO] ThirdParty:899 - CMSIS Pack Vendor :STMicroelectronics X-CUBE-GNSS1 5.0.0
2020-10-09 13:59:34,021 [INFO] ThirdParty:899 - CMSIS Pack Vendor :STMicroelectronics X-CUBE-SUBG2 2.0.0
2020-10-09 13:59:34,021 [INFO] ThirdParty:899 - CMSIS Pack Vendor :STMicroelectronics X-CUBE-BLE1 6.0.0
2020-10-09 13:59:34,021 [INFO] ThirdParty:899 - CMSIS Pack Vendor :STMicroelectronics X-CUBE-MEMS1 8.1.1
2020-10-09 13:59:34,021 [INFO] ThirdParty:899 - CMSIS Pack Vendor :STMicroelectronics X-CUBE-TOUCHGFX 4.14.0
2020-10-09 13:59:34,021 [INFO] ThirdParty:899 - CMSIS Pack Vendor :STMicroelectronics X-CUBE-AI 5.2.0
2020-10-09 13:59:34,021 [INFO] ThirdParty:899 - CMSIS Pack Vendor :STMicroelectronics X-CUBE-BLE2 3.0.0
2020-10-09 13:59:34,021 [INFO] ThirdParty:899 - CMSIS Pack Vendor :STMicroelectronics X-CUBE-NFC4 2.0.0
2020-10-09 13:59:34,030 [INFO] ThirdParty:899 - CMSIS Pack Vendor :STMicroelectronics X-CUBE-GNSS1 5.0.0
2020-10-09 13:59:34,031 [INFO] ThirdParty:899 - CMSIS Pack Vendor :STMicroelectronics X-CUBE-SUBG2 2.0.0
2020-10-09 13:59:34,031 [INFO] ThirdParty:899 - CMSIS Pack Vendor :STMicroelectronics X-CUBE-BLE1 6.0.0
2020-10-09 13:59:34,031 [INFO] ThirdParty:899 - CMSIS Pack Vendor :STMicroelectronics X-CUBE-MEMS1 8.1.1
2020-10-09 13:59:34,031 [INFO] ThirdParty:899 - CMSIS Pack Vendor :STMicroelectronics X-CUBE-TOUCHGFX 4.14.0
2020-10-09 13:59:34,031 [INFO] ThirdParty:899 - CMSIS Pack Vendor :STMicroelectronics X-CUBE-AI 5.2.0
2020-10-09 13:59:34,031 [INFO] ThirdParty:899 - CMSIS Pack Vendor :STMicroelectronics X-CUBE-BLE2 3.0.0
2020-10-09 13:59:34,031 [INFO] ThirdParty:899 - CMSIS Pack Vendor :STMicroelectronics X-CUBE-NFC4 2.0.0
2020-10-09 13:59:34,031 [INFO] ThirdParty:899 - CMSIS Pack Vendor :STMicroelectronics X-CUBE-ALGOBUILD 1.1.0
2020-10-09 14:04:27,527 [INFO] ServerAccessManage:348 - Download File 
2020-10-09 14:04:27,719 [INFO] LoadUrlFilesThread:161 - End of LoadServerUrlFiles without Thread
2020-10-09 14:04:27,747 [INFO] BoardAction:180 - Large Picture
2020-10-09 14:04:58,606 [INFO] ServerAccessManage:348 - Download File 
2020-10-09 14:04:58,861 [INFO] LoadUrlFilesThread:161 - End of LoadServerUrlFiles without Thread
2020-10-09 14:04:58,880 [INFO] BoardAction:180 - Large Picture
2020-10-09 14:05:04,346 [INFO] ServerAccessManage:348 - Download File 
2020-10-09 14:05:04,603 [INFO] LoadUrlFilesThread:161 - End of LoadServerUrlFiles without Thread
2020-10-09 14:05:04,618 [INFO] BoardAction:180 - Large Picture
2020-10-09 14:05:07,234 [INFO] LoadUrlFilesThread:161 - End of LoadServerUrlFiles without Thread
2020-10-09 14:05:07,235 [INFO] BoardAction:180 - Large Picture
2020-10-09 14:05:12,579 [INFO] BoardAction:78 - Docs & Resources
2020-10-09 14:05:14,063 [INFO] DbBoardsDocs:131 - JSON generation date=Tue Feb 11 17:02:54 IST 2020 (1581433374)
2020-10-09 14:05:14,067 [ERROR] DbBoardsDocs:72 - No boards documents found !
2020-10-09 14:05:36,436 [INFO] BoardAction:47 - Features
2020-10-09 14:06:50,235 [INFO] LogOutputStream:76 - [STDOUT_REDIRECT] withoutVersionV1.25.1
2020-10-09 14:06:50,236 [INFO] LogOutputStream:76 - [STDOUT_REDIRECT] withoutVersionV1.25.0
2020-10-09 15:01:22,963 [INFO] MainUpdater:2230 - connection check result : 10
2020-10-09 15:01:22,964 [INFO] LogOutputStream:76 - [STDOUT_REDIRECT] Successfull proxy connection.
2020-10-09 15:01:23,015 [INFO] McuFinderGlobals:40 - Set McuFinder mode to 2 (CubeIDE integrated)
2020-10-09 15:01:23,016 [INFO] FinderPluginLoader:86 - Searching for filters in installed packs
2020-10-09 15:01:23,648 [WARN] McuDetailPanel:184 - Failed to get advertising image, set to default
2020-10-09 15:01:24,290 [INFO] ServerAccessManage:348 - Download File mcusAds.json._tmp_
2020-10-09 15:01:24,324 [INFO] LoadUrlFilesThread:134 - End of LoadUrlFiles Thread
2020-10-09 15:01:24,557 [INFO] ServerAccessManage:348 - Download File mcusDocs.json._tmp_
2020-10-09 15:01:24,801 [INFO] LoadUrlFilesThread:134 - End of LoadUrlFiles Thread
2020-10-09 15:01:25,010 [INFO] ServerAccessManage:348 - Download File mcusFeaturesAndDescription.json._tmp_
2020-10-09 15:01:27,447 [INFO] LoadUrlFilesThread:134 - End of LoadUrlFiles Thread
2020-10-09 15:01:27,617 [INFO] ServerAccessManage:348 - Download File boardsDocs.json._tmp_
2020-10-09 15:01:27,782 [INFO] LoadUrlFilesThread:134 - End of LoadUrlFiles Thread
2020-10-09 15:01:27,969 [INFO] ServerAccessManage:348 - Download File boards.json._tmp_
2020-10-09 15:01:28,164 [INFO] LoadUrlFilesThread:134 - End of LoadUrlFiles Thread
2020-10-09 15:01:28,635 [INFO] ServerAccessManage:348 - Download File crdb.zip
2020-10-09 15:01:28,990 [INFO] FileExtend:225 - Unzip File : crdb.zip
2020-10-09 15:01:28,992 [INFO] FileExtend:240 - Standard Zip Deflate
2020-10-09 15:01:29,050 [INFO] LoadUrlFilesThread:134 - End of LoadUrlFiles Thread
2020-10-09 15:01:29,052 [INFO] DbMcusAds:143 - JSON generation date=Mon Jul 27 17:58:30 IDT 2020 (1595861910)
2020-10-09 15:01:29,057 [INFO] DbMcusDocs:142 - JSON generation date=Mon Sep 28 19:14:50 IDT 2020 (1601309690)
2020-10-09 15:01:29,058 [ERROR] DbMcusDocs:79 - No MCUs documents found !
2020-10-09 15:01:29,073 [INFO] DbMcusDocs:142 - JSON generation date=Mon Sep 28 19:14:50 IDT 2020 (1601309690)
2020-10-09 15:01:29,073 [ERROR] DbMcusDocs:79 - No MCUs documents found !
2020-10-09 15:01:29,074 [INFO] ApiDb:186 - Save user favorites file C:\Users\ITSIK/.stm32cubeide/favorites.mcus.txt: 0 item(s)
2020-10-09 15:01:29,074 [INFO] ApiDb:191 - User favorites MCUs=[]
2020-10-09 15:01:29,074 [INFO] DbMcusXml:110 - Load MCU database from C:\ST\STM32CubeIDE_1.3.0\STM32CubeIDE\plugins\com.st.stm32cube.common.mx_5.6.0.202002181639\\db\/mcu/families.xml
2020-10-09 15:01:29,496 [INFO] DbMcusJson:90 - JSON generation date=Mon Sep 28 19:14:50 IDT 2020 (1601309690)
2020-10-09 15:01:30,131 [INFO] DbMcus:171 - Found 1670 MCUs (1625 are supported by CubeMX, 1625 are visible in CubeMX)
2020-10-09 15:01:30,131 [INFO] ApiDb:158 - Load user favorites file C:\Users\ITSIK/.stm32cubeide/favorites.mcus.txt: 0 item(s)
2020-10-09 15:01:30,131 [INFO] ApiDb:163 - User favorites MCUs=[]
2020-10-09 15:01:30,131 [INFO] DbMcus:183 - Set 0 / 0 favorites MCUs
2020-10-09 15:01:30,166 [INFO] McuFilterPanel:249 - Update 0 favorites MCUs
2020-10-09 15:01:30,424 [INFO] DbBoardsDocs:131 - JSON generation date=Mon Sep 28 19:14:50 IDT 2020 (1601309690)
2020-10-09 15:01:30,425 [ERROR] DbBoardsDocs:72 - No boards documents found !
2020-10-09 15:01:30,428 [INFO] ApiDb:186 - Save user favorites file C:\Users\ITSIK/.stm32cubeide/favorites.boards.txt: 0 item(s)
2020-10-09 15:01:30,428 [INFO] ApiDb:191 - User favorites Boards=[]
2020-10-09 15:01:30,435 [INFO] DbBoardsPdsc:92 - Found 22 items
2020-10-09 15:01:30,438 [INFO] DbBoardsPdsc:92 - Found 9 items
2020-10-09 15:01:30,441 [INFO] DbBoardsPdsc:92 - Found 28 items
2020-10-09 15:01:30,443 [INFO] DbBoardsPdsc:92 - Found 1 items
2020-10-09 15:01:30,449 [INFO] DbBoardsPdsc:92 - Found 40 items
2020-10-09 15:01:30,455 [INFO] DbBoardsPdsc:92 - Found 39 items
2020-10-09 15:01:30,457 [INFO] DbBoardsPdsc:92 - Found 2 items
2020-10-09 15:01:30,459 [INFO] DbBoardsPdsc:92 - Found 4 items
2020-10-09 15:01:30,462 [WARN] DbBoardsPdsc:256 - Board STM32H7B3I-DK: unknown feature type=Audio, name=, username=Audio stereo codec with Headphone Amp (CS42L51-CNZ), n=1
2020-10-09 15:01:30,462 [WARN] DbBoardsPdsc:256 - Board STM32H7B3I-DK: unknown feature type=WIFI, name=, username=WIFI 802.11 b/g/n, n=1
2020-10-09 15:01:30,464 [WARN] DbBoardsPdsc:256 - Board STM32H7B3I-EVAL: unknown feature type=Audio, name=, username=Multi-Channel Audio Codec (CS42L51-CNZ), n=1
2020-10-09 15:01:30,464 [WARN] DbBoardsPdsc:256 - Board STM32H7B3I-EVAL: unknown feature type=Meter, name=, username=Power-metering and Temperature-monitoring with sigma-delta modulators, n=1
2020-10-09 15:01:30,464 [WARN] DbBoardsPdsc:256 - Board STM32H7B3I-EVAL: unknown feature type=WIFI, name=, username=WIFI 802.11 a/b/g/n, n=1
2020-10-09 15:01:30,464 [WARN] DbBoardsPdsc:256 - Board STM32H7B3I-EVAL: unknown feature type=Motor, name=, username=Motor Control, n=1
2020-10-09 15:01:30,474 [INFO] DbBoardsJson:80 - JSON generation date=Mon Sep 28 16:22:09 IDT 2020 (1601299329)
2020-10-09 15:01:30,482 [INFO] DbBoards:120 - Found 148 boards (142 are supported by CubeMX)
2020-10-09 15:01:30,499 [INFO] DbBoardsDocs:131 - JSON generation date=Mon Sep 28 19:14:50 IDT 2020 (1601309690)
2020-10-09 15:01:30,505 [INFO] DbBoardsDocs:70 - Found 189 boards documents
2020-10-09 15:01:30,506 [WARN] DbBoards:130 - board NUCLEO-H743ZI2 has no document id list !
2020-10-09 15:01:30,506 [WARN] DbBoards:130 - board P-NUCLEO-WB55-Nucleo has no document id list !
2020-10-09 15:01:30,506 [WARN] DbBoards:130 - board P-NUCLEO-WB55-USBDongle has no document id list !
2020-10-09 15:01:30,506 [WARN] DbBoards:130 - board NUCLEO-WB35CE has no document id list !
2020-10-09 15:01:30,506 [WARN] DbBoards:130 - board STM32F401C-DISCO has no document id list !
2020-10-09 15:01:30,506 [WARN] DbBoards:130 - board STM32F769I-DISC1 has no document id list !
2020-10-09 15:01:30,507 [WARN] DbBoards:130 - board STM32L-DISCOVERY has no document id list !
2020-10-09 15:01:30,507 [WARN] DbBoards:130 - board STM32H747I-DISC1 has no document id list !
2020-10-09 15:01:30,507 [WARN] DbBoards:130 - board STM32MP157A-DK1 has no document id list !
2020-10-09 15:01:30,507 [WARN] DbBoards:130 - board STM32H743I-EVAL2 has no document id list !
2020-10-09 15:01:30,507 [WARN] DbBoards:130 - board STM32H753I-EVAL2 has no document id list !
2020-10-09 15:01:30,507 [WARN] DbBoards:130 - board STM32G474E-EVAL1 has no document id list !
2020-10-09 15:01:30,507 [WARN] DbBoards:130 - board STEVAL-BFA001V1B has no document id list !
2020-10-09 15:01:30,507 [WARN] DbBoards:130 - board STEVAL-BFA001V2B has no document id list !
2020-10-09 15:01:30,508 [WARN] DbBoards:130 - board STEVAL-MKSBOX1V1 has no document id list !
2020-10-09 15:01:30,508 [WARN] DbBoards:130 - board STEVAL-STWINKT1 has no document id list !
2020-10-09 15:01:30,508 [WARN] DbBoards:130 - board STEVAL-IDP005V1 has no document id list !
2020-10-09 15:01:30,508 [WARN] DbBoards:130 - board STEVAL-IDP005V2 has no document id list !
2020-10-09 15:01:30,508 [WARN] DbBoards:152 - board STM32H735G-DK / document id not found: 4653
2020-10-09 15:01:31,695 [ERROR] DbBoards:192 - Image file not found for board B-L4S5I-IOT01A: C:\ST\STM32CubeIDE_1.3.0\STM32CubeIDE\plugins\com.st.stm32cube.common.mx_5.6.0.202002181639\\db\/plugins/mcufinder/images/boards/B-L4S5I-IOT01A_small.jpg
2020-10-09 15:01:31,696 [ERROR] DbBoards:192 - Image file not found for board STM32H735G-DK: C:\ST\STM32CubeIDE_1.3.0\STM32CubeIDE\plugins\com.st.stm32cube.common.mx_5.6.0.202002181639\\db\/plugins/mcufinder/images/boards/STM32H735G_DK_small.jpg
2020-10-09 15:01:31,696 [INFO] ApiDb:158 - Load user favorites file C:\Users\ITSIK/.stm32cubeide/favorites.boards.txt: 0 item(s)
2020-10-09 15:01:31,696 [INFO] ApiDb:163 - User favorites Boards=[]
2020-10-09 15:01:31,696 [INFO] DbBoards:209 - Set 0 / 0 favorites Boards
2020-10-09 15:01:31,700 [INFO] BoardFilterPanel:211 - Update 0 favorites Boards
2020-10-09 15:01:37,938 [INFO] MainUpdater:2230 - connection check result : 10
2020-10-09 15:01:37,939 [INFO] LogOutputStream:76 - [STDOUT_REDIRECT] Successfull proxy connection.
2020-10-09 15:01:37,989 [INFO] McuFinderGlobals:40 - Set McuFinder mode to 2 (CubeIDE integrated)
2020-10-09 15:01:37,990 [INFO] FinderPluginLoader:86 - Searching for filters in installed packs
2020-10-09 15:01:38,950 [INFO] ServerAccessManage:348 - Download File 
2020-10-09 15:01:39,490 [INFO] LoadUrlFilesThread:161 - End of LoadServerUrlFiles without Thread
2020-10-09 15:01:39,591 [INFO] McuDetailPanel:181 - Set advertising image to C:/Users/ITSIK/STM32Cube/Repository/\STM32Cube_ecosystem_N4273S_big.jpg
2020-10-09 15:01:40,034 [INFO] ServerAccessManage:348 - Download File mcusAds.json._tmp_
2020-10-09 15:01:40,053 [INFO] LoadUrlFilesThread:134 - End of LoadUrlFiles Thread
2020-10-09 15:01:40,484 [INFO] ServerAccessManage:348 - Download File mcusDocs.json._tmp_
2020-10-09 15:01:40,573 [INFO] LoadUrlFilesThread:134 - End of LoadUrlFiles Thread
2020-10-09 15:01:40,795 [INFO] ServerAccessManage:348 - Download File mcusFeaturesAndDescription.json._tmp_
2020-10-09 15:01:43,017 [INFO] LoadUrlFilesThread:134 - End of LoadUrlFiles Thread
2020-10-09 15:01:43,199 [INFO] ServerAccessManage:348 - Download File boardsDocs.json._tmp_
2020-10-09 15:01:43,349 [INFO] LoadUrlFilesThread:134 - End of LoadUrlFiles Thread
2020-10-09 15:01:43,543 [INFO] ServerAccessManage:348 - Download File boards.json._tmp_
2020-10-09 15:01:43,738 [INFO] LoadUrlFilesThread:134 - End of LoadUrlFiles Thread
2020-10-09 15:01:44,026 [INFO] ServerAccessManage:348 - Download File crdb.zip
2020-10-09 15:01:44,356 [INFO] FileExtend:225 - Unzip File : crdb.zip
2020-10-09 15:01:44,357 [INFO] FileExtend:240 - Standard Zip Deflate
2020-10-09 15:01:44,393 [INFO] LoadUrlFilesThread:134 - End of LoadUrlFiles Thread
2020-10-09 15:01:44,396 [INFO] DbMcusAds:143 - JSON generation date=Mon Jul 27 17:58:30 IDT 2020 (1595861910)
2020-10-09 15:01:44,401 [INFO] DbMcusDocs:142 - JSON generation date=Mon Sep 28 19:14:50 IDT 2020 (1601309690)
2020-10-09 15:01:44,521 [INFO] DbMcusDocs:77 - Found 597 MCUs documents
2020-10-09 15:01:44,523 [INFO] ApiDb:186 - Save user favorites file C:\Users\ITSIK/.stm32cubeide/favorites.mcus.txt: 0 item(s)
2020-10-09 15:01:44,523 [INFO] ApiDb:191 - User favorites MCUs=[]
2020-10-09 15:01:44,523 [INFO] DbMcusXml:110 - Load MCU database from C:\ST\STM32CubeIDE_1.3.0\STM32CubeIDE\plugins\com.st.stm32cube.common.mx_5.6.0.202002181639\\db\/mcu/families.xml
2020-10-09 15:01:44,978 [INFO] DbMcusJson:90 - JSON generation date=Mon Sep 28 19:14:50 IDT 2020 (1601309690)
2020-10-09 15:01:45,470 [INFO] DbMcus:171 - Found 1670 MCUs (1625 are supported by CubeMX, 1625 are visible in CubeMX)
2020-10-09 15:01:45,470 [INFO] ApiDb:158 - Load user favorites file C:\Users\ITSIK/.stm32cubeide/favorites.mcus.txt: 0 item(s)
2020-10-09 15:01:45,470 [INFO] ApiDb:163 - User favorites MCUs=[]
2020-10-09 15:01:45,470 [INFO] DbMcus:183 - Set 0 / 0 favorites MCUs
2020-10-09 15:01:45,573 [INFO] McuFilterPanel:249 - Update 0 favorites MCUs
2020-10-09 15:01:45,872 [INFO] DbBoardsDocs:131 - JSON generation date=Mon Sep 28 19:14:50 IDT 2020 (1601309690)
2020-10-09 15:01:45,877 [INFO] DbBoardsDocs:70 - Found 189 boards documents
2020-10-09 15:01:45,879 [INFO] ApiDb:186 - Save user favorites file C:\Users\ITSIK/.stm32cubeide/favorites.boards.txt: 0 item(s)
2020-10-09 15:01:45,879 [INFO] ApiDb:191 - User favorites Boards=[]
2020-10-09 15:01:45,883 [INFO] DbBoardsPdsc:92 - Found 22 items
2020-10-09 15:01:45,885 [INFO] DbBoardsPdsc:92 - Found 9 items
2020-10-09 15:01:45,888 [INFO] DbBoardsPdsc:92 - Found 28 items
2020-10-09 15:01:45,889 [INFO] DbBoardsPdsc:92 - Found 1 items
2020-10-09 15:01:45,894 [INFO] DbBoardsPdsc:92 - Found 40 items
2020-10-09 15:01:45,900 [INFO] DbBoardsPdsc:92 - Found 39 items
2020-10-09 15:01:45,902 [INFO] DbBoardsPdsc:92 - Found 2 items
2020-10-09 15:01:45,904 [INFO] DbBoardsPdsc:92 - Found 4 items
2020-10-09 15:01:45,906 [WARN] DbBoardsPdsc:256 - Board STM32H7B3I-DK: unknown feature type=Audio, name=, username=Audio stereo codec with Headphone Amp (CS42L51-CNZ), n=1
2020-10-09 15:01:45,907 [WARN] DbBoardsPdsc:256 - Board STM32H7B3I-DK: unknown feature type=WIFI, name=, username=WIFI 802.11 b/g/n, n=1
2020-10-09 15:01:45,908 [WARN] DbBoardsPdsc:256 - Board STM32H7B3I-EVAL: unknown feature type=Audio, name=, username=Multi-Channel Audio Codec (CS42L51-CNZ), n=1
2020-10-09 15:01:45,909 [WARN] DbBoardsPdsc:256 - Board STM32H7B3I-EVAL: unknown feature type=Meter, name=, username=Power-metering and Temperature-monitoring with sigma-delta modulators, n=1
2020-10-09 15:01:45,909 [WARN] DbBoardsPdsc:256 - Board STM32H7B3I-EVAL: unknown feature type=WIFI, name=, username=WIFI 802.11 a/b/g/n, n=1
2020-10-09 15:01:45,909 [WARN] DbBoardsPdsc:256 - Board STM32H7B3I-EVAL: unknown feature type=Motor, name=, username=Motor Control, n=1
2020-10-09 15:01:45,920 [INFO] DbBoardsJson:80 - JSON generation date=Mon Sep 28 16:22:09 IDT 2020 (1601299329)
2020-10-09 15:01:45,927 [INFO] DbBoards:120 - Found 148 boards (142 are supported by CubeMX)
2020-10-09 15:01:45,928 [WARN] DbBoards:130 - board NUCLEO-H743ZI2 has no document id list !
2020-10-09 15:01:45,928 [WARN] DbBoards:130 - board P-NUCLEO-WB55-Nucleo has no document id list !
2020-10-09 15:01:45,928 [WARN] DbBoards:130 - board P-NUCLEO-WB55-USBDongle has no document id list !
2020-10-09 15:01:45,928 [WARN] DbBoards:130 - board NUCLEO-WB35CE has no document id list !
2020-10-09 15:01:45,928 [WARN] DbBoards:130 - board STM32F401C-DISCO has no document id list !
2020-10-09 15:01:45,928 [WARN] DbBoards:130 - board STM32F769I-DISC1 has no document id list !
2020-10-09 15:01:45,928 [WARN] DbBoards:130 - board STM32L-DISCOVERY has no document id list !
2020-10-09 15:01:45,929 [WARN] DbBoards:130 - board STM32H747I-DISC1 has no document id list !
2020-10-09 15:01:45,929 [WARN] DbBoards:130 - board STM32MP157A-DK1 has no document id list !
2020-10-09 15:01:45,929 [WARN] DbBoards:130 - board STM32H743I-EVAL2 has no document id list !
2020-10-09 15:01:45,929 [WARN] DbBoards:130 - board STM32H753I-EVAL2 has no document id list !
2020-10-09 15:01:45,929 [WARN] DbBoards:130 - board STM32G474E-EVAL1 has no document id list !
2020-10-09 15:01:45,929 [WARN] DbBoards:130 - board STEVAL-BFA001V1B has no document id list !
2020-10-09 15:01:45,929 [WARN] DbBoards:130 - board STEVAL-BFA001V2B has no document id list !
2020-10-09 15:01:45,929 [WARN] DbBoards:130 - board STEVAL-MKSBOX1V1 has no document id list !
2020-10-09 15:01:45,930 [WARN] DbBoards:130 - board STEVAL-STWINKT1 has no document id list !
2020-10-09 15:01:45,930 [WARN] DbBoards:130 - board STEVAL-IDP005V1 has no document id list !
2020-10-09 15:01:45,930 [WARN] DbBoards:130 - board STEVAL-IDP005V2 has no document id list !
2020-10-09 15:01:45,930 [WARN] DbBoards:152 - board STM32H735G-DK / document id not found: 4653
2020-10-09 15:01:46,795 [ERROR] DbBoards:192 - Image file not found for board B-L4S5I-IOT01A: C:\ST\STM32CubeIDE_1.3.0\STM32CubeIDE\plugins\com.st.stm32cube.common.mx_5.6.0.202002181639\\db\/plugins/mcufinder/images/boards/B-L4S5I-IOT01A_small.jpg
2020-10-09 15:01:46,795 [ERROR] DbBoards:192 - Image file not found for board STM32H735G-DK: C:\ST\STM32CubeIDE_1.3.0\STM32CubeIDE\plugins\com.st.stm32cube.common.mx_5.6.0.202002181639\\db\/plugins/mcufinder/images/boards/STM32H735G_DK_small.jpg
2020-10-09 15:01:46,796 [INFO] ApiDb:158 - Load user favorites file C:\Users\ITSIK/.stm32cubeide/favorites.boards.txt: 0 item(s)
2020-10-09 15:01:46,796 [INFO] ApiDb:163 - User favorites Boards=[]
2020-10-09 15:01:46,796 [INFO] DbBoards:209 - Set 0 / 0 favorites Boards
2020-10-09 15:01:46,799 [INFO] BoardFilterPanel:211 - Update 0 favorites Boards
2020-10-09 15:01:47,118 [INFO] LoadUrlFilesThread:161 - End of LoadServerUrlFiles without Thread
2020-10-09 15:01:47,118 [INFO] MultiScanPanel:739 - Refresh data is succesful
2020-10-09 15:01:47,120 [INFO] McuFilterPanel:249 - Update 0 favorites MCUs
2020-10-09 15:01:47,338 [INFO] LoadUrlFilesThread:161 - End of LoadServerUrlFiles without Thread
2020-10-09 15:01:47,338 [INFO] BoardDetailPanel:180 - Set advertising image to C:/Users/ITSIK/STM32Cube/Repository/\STM32Cube_ecosystem_N4273S_big.jpg
2020-10-09 15:01:47,351 [INFO] BoardFilterPanel:211 - Update 0 favorites Boards
2020-10-09 15:01:47,392 [INFO] CrossSelectorPresenter:1319 - Cross Selector saved comparison directory: C:\Users\ITSIK\.stmcufinder\plugins\mcufinder\mcu\cs_comparisons_mx
2020-10-09 15:04:01,478 [INFO] LogOutputStream:76 - [STDOUT_REDIRECT] withoutVersionV1.25.1
2020-10-09 15:04:01,479 [INFO] LogOutputStream:76 - [STDOUT_REDIRECT] withoutVersionV1.25.0
2020-11-21 23:12:43,487 [INFO] Activator:176 - 


2020-11-21 23:12:43,492 [INFO] Activator:177 - !SESSION log4j initialized
